[    0.000000] Initializing cgroup subsys cpuset
[    0.000000] Initializing cgroup subsys cpu
[    0.000000] Initializing cgroup subsys cpuacct
[    0.000000] Linux version 4.4.0-210-generic (buildd@lgw01-amd64-009) (gcc version 5.4.0 20160609 (Ubuntu 5.4.0-6ubuntu1~16.04.12) ) #242-Ubuntu SMP Fri Apr 16 09:57:56 UTC 2021 (Ubuntu 4.4.0-210.242-generic 4.4.262)
[    0.000000] Command line: BOOT_IMAGE=/boot/vmlinuz-4.4.0-210-generic root=LABEL=cloudimg-rootfs ro console=tty1 console=ttyS0
[    0.000000] KERNEL supported cpus:
[    0.000000]   Intel GenuineIntel
[    0.000000]   AMD AuthenticAMD
[    0.000000]   Centaur CentaurHauls
[    0.000000] x86/fpu: xstate_offset[2]:  576, xstate_sizes[2]:  256
[    0.000000] x86/fpu: Supporting XSAVE feature 0x01: 'x87 floating point registers'
[    0.000000] x86/fpu: Supporting XSAVE feature 0x02: 'SSE registers'
[    0.000000] x86/fpu: Supporting XSAVE feature 0x04: 'AVX registers'
[    0.000000] x86/fpu: Enabled xstate features 0x7, context size is 832 bytes, using 'standard' format.
[    0.000000] e820: BIOS-provided physical RAM map:
[    0.000000] BIOS-e820: [mem 0x0000000000000000-0x000000000009fbff] usable
[    0.000000] BIOS-e820: [mem 0x000000000009fc00-0x000000000009ffff] reserved
[    0.000000] BIOS-e820: [mem 0x00000000000f0000-0x00000000000fffff] reserved
[    0.000000] BIOS-e820: [mem 0x0000000000100000-0x000000003ffeffff] usable
[    0.000000] BIOS-e820: [mem 0x000000003fff0000-0x000000003fffffff] ACPI data
[    0.000000] BIOS-e820: [mem 0x00000000fec00000-0x00000000fec00fff] reserved
[    0.000000] BIOS-e820: [mem 0x00000000fee00000-0x00000000fee00fff] reserved
[    0.000000] BIOS-e820: [mem 0x00000000fffc0000-0x00000000ffffffff] reserved
[    0.000000] NX (Execute Disable) protection: active
[    0.000000] SMBIOS 2.5 present.
[    0.000000] Hypervisor detected: KVM
[    0.000000] e820: last_pfn = 0x3fff0 max_arch_pfn = 0x400000000
[    0.000000] MTRR: Disabled
[    0.000000] x86/PAT: MTRRs disabled, skipping PAT initialization too.
[    0.000000] CPU MTRRs all blank - virtualized system.
[    0.000000] x86/PAT: Configuration [0-7]: WB  WT  UC- UC  WB  WT  UC- UC  
[    0.000000] found SMP MP-table at [mem 0x0009fff0-0x0009ffff] mapped at [ffff88000009fff0]
[    0.000000] Scanning 1 areas for low memory corruption
[    0.000000] RAMDISK: [mem 0x362dc000-0x37165fff]
[    0.000000] ACPI: Early table checksum verification disabled
[    0.000000] ACPI: RSDP 0x00000000000E0000 000024 (v02 VBOX  )
[    0.000000] ACPI: XSDT 0x000000003FFF0030 00003C (v01 VBOX   VBOXXSDT 00000001 ASL  00000061)
[    0.000000] ACPI: FACP 0x000000003FFF00F0 0000F4 (v04 VBOX   VBOXFACP 00000001 ASL  00000061)
[    0.000000] ACPI: DSDT 0x000000003FFF0470 002325 (v02 VBOX   VBOXBIOS 00000002 INTL 20120111)
[    0.000000] ACPI: FACS 0x000000003FFF0200 000040
[    0.000000] ACPI: FACS 0x000000003FFF0200 000040
[    0.000000] ACPI: APIC 0x000000003FFF0240 00005C (v02 VBOX   VBOXAPIC 00000001 ASL  00000061)
[    0.000000] ACPI: SSDT 0x000000003FFF02A0 0001CC (v01 VBOX   VBOXCPUT 00000002 INTL 20120111)
[    0.000000] No NUMA configuration found
[    0.000000] Faking a node at [mem 0x0000000000000000-0x000000003ffeffff]
[    0.000000] NODE_DATA(0) allocated [mem 0x3ffeb000-0x3ffeffff]
[    0.000000] kvm-clock: Using msrs 4b564d01 and 4b564d00
[    0.000000] kvm-clock: cpu 0, msr 0:3ffe3001, primary cpu clock
[    0.000000] kvm-clock: using sched offset of 3478577948 cycles
[    0.000000] clocksource: kvm-clock: mask: 0xffffffffffffffff max_cycles: 0x1cd42e4dffb, max_idle_ns: 881590591483 ns
[    0.000000] Zone ranges:
[    0.000000]   DMA      [mem 0x0000000000001000-0x0000000000ffffff]
[    0.000000]   DMA32    [mem 0x0000000001000000-0x000000003ffeffff]
[    0.000000]   Normal   empty
[    0.000000]   Device   empty
[    0.000000] Movable zone start for each node
[    0.000000] Early memory node ranges
[    0.000000]   node   0: [mem 0x0000000000001000-0x000000000009efff]
[    0.000000]   node   0: [mem 0x0000000000100000-0x000000003ffeffff]
[    0.000000] Initmem setup node 0 [mem 0x0000000000001000-0x000000003ffeffff]
[    0.000000] ACPI: PM-Timer IO Port: 0x4008
[    0.000000] IOAPIC[0]: apic_id 2, version 32, address 0xfec00000, GSI 0-23
[    0.000000] ACPI: INT_SRC_OVR (bus 0 bus_irq 0 global_irq 2 dfl dfl)
[    0.000000] ACPI: INT_SRC_OVR (bus 0 bus_irq 9 global_irq 9 low level)
[    0.000000] Using ACPI (MADT) for SMP configuration information
[    0.000000] smpboot: Allowing 2 CPUs, 0 hotplug CPUs
[    0.000000] PM: Registered nosave memory: [mem 0x00000000-0x00000fff]
[    0.000000] PM: Registered nosave memory: [mem 0x0009f000-0x0009ffff]
[    0.000000] PM: Registered nosave memory: [mem 0x000a0000-0x000effff]
[    0.000000] PM: Registered nosave memory: [mem 0x000f0000-0x000fffff]
[    0.000000] e820: [mem 0x40000000-0xfebfffff] available for PCI devices
[    0.000000] Booting paravirtualized kernel on KVM
[    0.000000] clocksource: refined-jiffies: mask: 0xffffffff max_cycles: 0xffffffff, max_idle_ns: 7645519600211568 ns
[    0.000000] setup_percpu: NR_CPUS:512 nr_cpumask_bits:512 nr_cpu_ids:2 nr_node_ids:1
[    0.000000] PERCPU: Embedded 33 pages/cpu @ffff88003fc00000 s95192 r8192 d31784 u1048576
[    0.000000] Built 1 zonelists in Node order, mobility grouping on.  Total pages: 257912
[    0.000000] Policy zone: DMA32
[    0.000000] Kernel command line: BOOT_IMAGE=/boot/vmlinuz-4.4.0-210-generic root=LABEL=cloudimg-rootfs ro console=tty1 console=ttyS0
[    0.000000] PID hash table entries: 4096 (order: 3, 32768 bytes)
[    0.000000] Memory: 997792K/1048120K available (8644K kernel code, 1332K rwdata, 4044K rodata, 1492K init, 1164K bss, 50328K reserved, 0K cma-reserved)
[    0.000000] SLUB: HWalign=64, Order=0-3, MinObjects=0, CPUs=2, Nodes=1
[    0.000000] Kernel/User page tables isolation: enabled
[    0.000000] Hierarchical RCU implementation.
[    0.000000] 	Build-time adjustment of leaf fanout to 64.
[    0.000000] 	RCU restricting CPUs from NR_CPUS=512 to nr_cpu_ids=2.
[    0.000000] RCU: Adjusting geometry for rcu_fanout_leaf=64, nr_cpu_ids=2
[    0.000000] NR_IRQS:33024 nr_irqs:440 16
[    0.000000] Console: colour VGA+ 80x25
[    0.000000] console [tty1] enabled
[    0.000000] console [ttyS0] enabled
[    0.000000] tsc: Detected 2591.998 MHz processor
[    0.113856] Calibrating delay loop (skipped) preset value.. 5183.99 BogoMIPS (lpj=10367992)
[    0.115280] pid_max: default: 32768 minimum: 301
[    0.116043] ACPI: Core revision 20150930
[    0.117381] ACPI: 2 ACPI AML tables successfully acquired and loaded
[    0.118666] Security Framework initialized
[    0.119359] Yama: becoming mindful.
[    0.119983] AppArmor: AppArmor initialized
[    0.120739] Dentry cache hash table entries: 131072 (order: 8, 1048576 bytes)
[    0.122893] Inode-cache hash table entries: 65536 (order: 7, 524288 bytes)
[    0.124020] Mount-cache hash table entries: 2048 (order: 2, 16384 bytes)
[    0.125056] Mountpoint-cache hash table entries: 2048 (order: 2, 16384 bytes)
[    0.126291] Initializing cgroup subsys io
[    0.126980] Initializing cgroup subsys memory
[    0.127713] Initializing cgroup subsys devices
[    0.128450] Initializing cgroup subsys freezer
[    0.129190] Initializing cgroup subsys net_cls
[    0.129956] Initializing cgroup subsys perf_event
[    0.130735] Initializing cgroup subsys net_prio
[    0.131486] Initializing cgroup subsys hugetlb
[    0.132227] Initializing cgroup subsys pids
[    0.133885] mce: CPU supports 0 MCE banks
[    0.134598] Last level iTLB entries: 4KB 64, 2MB 8, 4MB 8
[    0.135459] Last level dTLB entries: 4KB 64, 2MB 0, 4MB 0, 1GB 4
[    0.136402] Spectre V1 : Mitigation: usercopy/swapgs barriers and __user pointer sanitization
[    0.137821] Spectre V2 : Mitigation: Full generic retpoline
[    0.138704] Spectre V2 : Spectre v2 / SpectreRSB mitigation: Filling RSB on context switch
[    0.140105] Speculative Store Bypass: Vulnerable
[    0.140926] MDS: Mitigation: Clear CPU buffers
[    0.143721] Freeing SMP alternatives memory: 36K
[    0.149073] ftrace: allocating 32380 entries in 127 pages
[    0.195929] smpboot: APIC(0) Converting physical 0 to logical package 0
[    0.197651] smpboot: Max logical packages: 1
[    0.198681] x2apic enabled
[    0.199298] Switched APIC routing to physical x2apic.
[    0.200787] ..TIMER: vector=0x30 apic1=0 pin1=2 apic2=-1 pin2=-1
[    0.309970] smpboot: CPU0: Intel(R) Core(TM) i7-10750H CPU @ 2.60GHz (family: 0x6, model: 0xa5, stepping: 0x2)
[    0.311786] Performance Events: unsupported p6 CPU model 165 no PMU driver, software events only.
[    0.321103] KVM setup paravirtual spinlock
[    0.322466] x86: Booting SMP configuration:
[    0.323554] .... node  #0, CPUs:      #1
[    0.324261] kvm-clock: cpu 1, msr 0:3ffe3041, secondary cpu clock
[    0.325860] mce: CPU supports 0 MCE banks
[    0.328557] x86: Booted up 1 node, 2 CPUs
[    0.329406] smpboot: Total of 2 processors activated (10367.99 BogoMIPS)
[    0.330637] devtmpfs: initialized
[    0.332845] evm: security.selinux
[    0.333403] evm: security.SMACK64
[    0.334070] evm: security.SMACK64EXEC
[    0.334831] evm: security.SMACK64TRANSMUTE
[    0.335495] evm: security.SMACK64MMAP
[    0.336106] evm: security.ima
[    0.336629] evm: security.capability
[    0.337330] clocksource: jiffies: mask: 0xffffffff max_cycles: 0xffffffff, max_idle_ns: 7645041785100000 ns
[    0.338847] futex hash table entries: 512 (order: 3, 32768 bytes)
[    0.339871] pinctrl core: initialized pinctrl subsystem
[    0.340799] RTC time:  8:25:03, date: 09/02/21
[    0.341929] NET: Registered protocol family 16
[    0.353990] cpuidle: using governor ladder
[    0.366744] cpuidle: using governor menu
[    0.367622] PCCT header not found.
[    0.368267] ACPI: bus type PCI registered
[    0.368949] acpiphp: ACPI Hot Plug PCI Controller Driver version: 0.5
[    0.370039] PCI: Using configuration type 1 for base access
[    0.383124] ACPI: Added _OSI(Module Device)
[    0.383929] ACPI: Added _OSI(Processor Device)
[    0.384869] ACPI: Added _OSI(3.0 _SCP Extensions)
[    0.385801] ACPI: Added _OSI(Processor Aggregator Device)
[    0.387230] ACPI: Executed 1 blocks of module-level executable AML code
[    0.389770] ACPI: Interpreter enabled
[    0.390486] ACPI: (supports S0 S5)
[    0.391079] ACPI: Using IOAPIC for interrupt routing
[    0.391968] PCI: Using host bridge windows from ACPI; if necessary, use "pci=nocrs" and report a bug
[    0.397135] ACPI: PCI Root Bridge [PCI0] (domain 0000 [bus 00-ff])
[    0.398341] acpi PNP0A03:00: _OSC: OS supports [ASPM ClockPM Segments MSI]
[    0.399653] acpi PNP0A03:00: _OSC: not requesting OS control; OS requires [ExtendedConfig ASPM ClockPM MSI]
[    0.401240] acpi PNP0A03:00: fail to add MMCONFIG information, can't access extended PCI configuration space under this bridge.
[    0.403356] PCI host bridge to bus 0000:00
[    0.404058] pci_bus 0000:00: root bus resource [io  0x0000-0x0cf7 window]
[    0.405239] pci_bus 0000:00: root bus resource [io  0x0d00-0xffff window]
[    0.406520] pci_bus 0000:00: root bus resource [mem 0x000a0000-0x000bffff window]
[    0.407800] pci_bus 0000:00: root bus resource [mem 0x40000000-0xfdffffff window]
[    0.409207] pci_bus 0000:00: root bus resource [bus 00-ff]
[    0.411893] pci 0000:00:01.1: legacy IDE quirk: reg 0x10: [io  0x01f0-0x01f7]
[    0.412965] pci 0000:00:01.1: legacy IDE quirk: reg 0x14: [io  0x03f6]
[    0.413995] pci 0000:00:01.1: legacy IDE quirk: reg 0x18: [io  0x0170-0x0177]
[    0.415052] pci 0000:00:01.1: legacy IDE quirk: reg 0x1c: [io  0x0376]
[    0.431499] pci 0000:00:07.0: quirk: [io  0x4000-0x403f] claimed by PIIX4 ACPI
[    0.432731] pci 0000:00:07.0: quirk: [io  0x4100-0x410f] claimed by PIIX4 SMB
[    0.439264] ACPI: PCI Interrupt Link [LNKA] (IRQs 5 9 10 *11)
[    0.440591] ACPI: PCI Interrupt Link [LNKB] (IRQs 5 9 *10 11)
[    0.441797] ACPI: PCI Interrupt Link [LNKC] (IRQs 5 *9 10 11)
[    0.443141] ACPI: PCI Interrupt Link [LNKD] (IRQs 5 9 10 *11)
[    0.444393] ACPI: Enabled 2 GPEs in block 00 to 07
[    0.445469] vgaarb: setting as boot device: PCI:0000:00:02.0
[    0.446357] vgaarb: device added: PCI:0000:00:02.0,decodes=io+mem,owns=io+mem,locks=none
[    0.447672] vgaarb: loaded
[    0.448188] vgaarb: bridge control possible 0000:00:02.0
[    0.449193] SCSI subsystem initialized
[    0.449981] ACPI: bus type USB registered
[    0.450672] usbcore: registered new interface driver usbfs
[    0.451535] usbcore: registered new interface driver hub
[    0.452379] usbcore: registered new device driver usb
[    0.454549] PCI: Using ACPI for IRQ routing
[    0.455610] NetLabel: Initializing
[    0.456207] NetLabel:  domain hash size = 128
[    0.456935] NetLabel:  protocols = UNLABELED CIPSOv4
[    0.457759] NetLabel:  unlabeled traffic allowed by default
[    0.459224] amd_nb: Cannot enumerate AMD northbridges
[    0.460148] clocksource: Switched to clocksource kvm-clock
[    0.466528] AppArmor: AppArmor Filesystem Enabled
[    0.467516] pnp: PnP ACPI init
[    0.468960] pnp: PnP ACPI: found 3 devices
[    0.476389] clocksource: acpi_pm: mask: 0xffffff max_cycles: 0xffffff, max_idle_ns: 2085701024 ns
[    0.477862] NET: Registered protocol family 2
[    0.478718] TCP established hash table entries: 8192 (order: 4, 65536 bytes)
[    0.479830] TCP bind hash table entries: 8192 (order: 5, 131072 bytes)
[    0.480886] TCP: Hash tables configured (established 8192 bind 8192)
[    0.481889] UDP hash table entries: 512 (order: 2, 16384 bytes)
[    0.482842] UDP-Lite hash table entries: 512 (order: 2, 16384 bytes)
[    0.483852] NET: Registered protocol family 1
[    0.484615] pci 0000:00:00.0: Limiting direct PCI/PCI transfers
[    0.485565] pci 0000:00:01.0: Activating ISA DMA hang workarounds
[    0.486940] Unpacking initramfs...
[    0.660230] Freeing initrd memory: 14888K
[    0.661485] clocksource: tsc: mask: 0xffffffffffffffff max_cycles: 0x255cb518234, max_idle_ns: 440795279333 ns
[    0.663149] platform rtc_cmos: registered platform RTC device (no PNP device found)
[    0.664725] Scanning for low memory corruption every 60 seconds
[    0.666084] audit: initializing netlink subsys (disabled)
[    0.666948] audit: type=2000 audit(1630571108.772:1): initialized
[    0.668012] Initialise system trusted keyring
[    0.669014] HugeTLB registered 2 MB page size, pre-allocated 0 pages
[    0.671815] zbud: loaded
[    0.672585] VFS: Disk quotas dquot_6.6.0
[    0.673287] VFS: Dquot-cache hash table entries: 512 (order 0, 4096 bytes)
[    0.674496] squashfs: version 4.0 (2009/01/31) Phillip Lougher
[    0.675583] fuse init (API version 7.23)
[    0.676444] Key type big_key registered
[    0.677454] Allocating IMA MOK and blacklist keyrings.
[    0.678842] Key type asymmetric registered
[    0.679549] Asymmetric key parser 'x509' registered
[    0.680442] Block layer SCSI generic (bsg) driver version 0.4 loaded (major 249)
[    0.681737] io scheduler noop registered
[    0.682416] io scheduler deadline registered (default)
[    0.683272] io scheduler cfq registered
[    0.684004] pci_hotplug: PCI Hot Plug PCI Core version: 0.5
[    0.684941] pciehp: PCI Express Hot Plug Controller Driver version: 0.4
[    0.686335] ACPI: AC Adapter [AC] (on-line)
[    0.687059] input: Power Button as /devices/LNXSYSTM:00/LNXPWRBN:00/input/input0
[    0.688259] ACPI: Power Button [PWRF]
[    0.688970] input: Sleep Button as /devices/LNXSYSTM:00/LNXSLPBN:00/input/input1
[    0.690159] ACPI: Sleep Button [SLPF]
[    0.690885] GHES: HEST is not enabled!
[    0.691684] ACPI: Battery Slot [BAT0] (battery present)
[    0.692570] Serial: 8250/16550 driver, 32 ports, IRQ sharing enabled
[    0.714099] 00:02: ttyS0 at I/O 0x3f8 (irq = 4, base_baud = 115200) is a 16550A
[    0.716907] Linux agpgart interface v0.103
[    0.718585] loop: module loaded
[    0.719490] scsi host0: ata_piix
[    0.720119] scsi host1: ata_piix
[    0.720723] ata1: PATA max UDMA/33 cmd 0x1f0 ctl 0x3f6 bmdma 0xd000 irq 14
[    0.721735] ata2: PATA max UDMA/33 cmd 0x170 ctl 0x376 bmdma 0xd008 irq 15
[    0.722837] libphy: Fixed MDIO Bus: probed
[    0.723526] tun: Universal TUN/TAP device driver, 1.6
[    0.724629] tun: (C) 1999-2004 Max Krasnyansky <maxk@qualcomm.com>
[    0.725773] PPP generic driver version 2.4.2
[    0.726528] ehci_hcd: USB 2.0 'Enhanced' Host Controller (EHCI) Driver
[    0.727707] ehci-pci: EHCI PCI platform driver
[    0.728452] ehci-platform: EHCI generic platform driver
[    0.729268] ohci_hcd: USB 1.1 'Open' Host Controller (OHCI) Driver
[    0.730238] ohci-pci: OHCI PCI platform driver
[    0.730954] ohci-platform: OHCI generic platform driver
[    0.731766] uhci_hcd: USB Universal Host Controller Interface driver
[    0.732815] i8042: PNP: PS/2 Controller [PNP0303:PS2K,PNP0f03:PS2M] at 0x60,0x64 irq 1,12
[    0.734488] serio: i8042 KBD port at 0x60,0x64 irq 1
[    0.735267] serio: i8042 AUX port at 0x60,0x64 irq 12
[    0.736247] mousedev: PS/2 mouse device common for all mice
[    0.737346] input: AT Translated Set 2 keyboard as /devices/platform/i8042/serio0/input/input2
[    0.739289] rtc_cmos rtc_cmos: rtc core: registered rtc_cmos as rtc0
[    0.740302] rtc_cmos rtc_cmos: alarms up to one day, 114 bytes nvram
[    0.741304] i2c /dev entries driver
[    0.741928] device-mapper: uevent: version 1.0.3
[    0.742728] device-mapper: ioctl: 4.34.0-ioctl (2015-10-28) initialised: dm-devel@redhat.com
[    0.744228] ledtrig-cpu: registered to indicate activity on CPUs
[    0.745412] NET: Registered protocol family 10
[    0.746233] NET: Registered protocol family 17
[    0.746990] Key type dns_resolver registered
[    0.748333] registered taskstats version 1
[    0.749013] Loading compiled-in X.509 certificates
[    0.750169] Loaded X.509 cert 'Build time autogenerated kernel key: cf00e047681d67edb2720680708b7d9498083038'
[    0.751691] zswap: loaded using pool lzo/zbud
[    0.753499] Key type trusted registered
[    0.756057] Key type encrypted registered
[    0.756749] AppArmor: AppArmor sha1 policy hashing enabled
[    0.757584] ima: No TPM chip found, activating TPM-bypass!
[    0.758422] ima: Allocated hash algorithm: sha1
[    0.759206] evm: HMAC attrs: 0x1
[    0.760041]   Magic number: 5:389:421
[    0.760738] rtc_cmos rtc_cmos: setting system clock to 2021-09-02 08:25:04 UTC (1630571104)
[    0.762122] BIOS EDD facility v0.16 2004-Jun-25, 0 devices found
[    0.763017] EDD information not available.
[    0.900388] Freeing unused kernel memory: 1492K
[    0.901440] Write protecting the kernel read-only data: 14336k
[    0.902812] Freeing unused kernel memory: 1584K
[    0.903857] Freeing unused kernel memory: 52K
Loading, please wait...
starting version 229
[    0.912848] random: systemd-udevd: uninitialized urandom read (16 bytes read, 1 bits of entropy available)
[    0.913207] random: udevadm: uninitialized urandom read (16 bytes read, 1 bits of entropy available)
[    0.913218] random: udevadm: uninitialized urandom read (16 bytes read, 1 bits of entropy available)
[    0.917432] random: systemd-udevd: uninitialized urandom read (16 bytes read, 1 bits of entropy available)
[    0.918324] random: udevadm: uninitialized urandom read (16 bytes read, 1 bits of entropy available)
[    0.918368] random: udevadm: uninitialized urandom read (16 bytes read, 1 bits of entropy available)
[    0.918450] random: udevadm: uninitialized urandom read (16 bytes read, 1 bits of entropy available)
[    0.918481] random: udevadm: uninitialized urandom read (16 bytes read, 1 bits of entropy available)
[    0.918511] random: udevadm: uninitialized urandom read (16 bytes read, 1 bits of entropy available)
[    0.918541] random: udevadm: uninitialized urandom read (16 bytes read, 1 bits of entropy available)
[    0.950886] e1000: Intel(R) PRO/1000 Network Driver - version 7.3.21-k8-NAPI
[    0.952417] e1000: Copyright (c) 1999-2006 Intel Corporation.
[    0.957783] Fusion MPT base driver 3.04.20
[    0.958899] Copyright (c) 1999-2008 LSI Corporation
[    0.966900] Fusion MPT SPI Host driver 3.04.20
[    0.981668] AVX2 version of gcm_enc/dec engaged.
[    0.982517] AES CTR mode by8 optimization enabled
[    1.187674] input: ImExPS/2 Generic Explorer Mouse as /devices/platform/i8042/serio1/input/input4
[    1.420859] e1000 0000:00:03.0 eth0: (PCI:33MHz:32-bit) 02:a0:46:b5:71:eb
[    1.422278] e1000 0000:00:03.0 eth0: Intel(R) PRO/1000 Network Connection
[    1.986793] e1000 0000:00:08.0 eth1: (PCI:33MHz:32-bit) 08:00:27:52:2c:3f
[    1.988103] e1000 0000:00:08.0 eth1: Intel(R) PRO/1000 Network Connection
[    1.989920] e1000 0000:00:03.0 enp0s3: renamed from eth0
[    1.990911] mptbase: ioc0: Initiating bringup
[    2.001198] e1000 0000:00:08.0 enp0s8: renamed from eth1
[    2.060359] ioc0: LSI53C1030 A0: Capabilities={Initiator}
[    2.222504] scsi host2: ioc0: LSI53C1030 A0, FwRev=00000000h, Ports=1, MaxQ=256, IRQ=20
[    2.336984] scsi 2:0:0:0: Direct-Access     VBOX     HARDDISK         1.0  PQ: 0 ANSI: 5
[    2.338499] scsi target2:0:0: Beginning Domain Validation
[    2.340280] scsi target2:0:0: Domain Validation skipping write tests
[    2.341522] scsi target2:0:0: Ending Domain Validation
[    2.342347] scsi target2:0:0: asynchronous
[    2.343480] scsi 2:0:1:0: Direct-Access     VBOX     HARDDISK         1.0  PQ: 0 ANSI: 5
[    2.344948] scsi target2:0:1: Beginning Domain Validation
[    2.352612] scsi target2:0:1: Domain Validation skipping write tests
[    2.353832] scsi target2:0:1: Ending Domain Validation
[    2.354645] scsi target2:0:1: asynchronous
[    2.358183] sd 2:0:0:0: Attached scsi generic sg0 type 0
[    2.359052] sd 2:0:0:0: [sda] 83886080 512-byte logical blocks: (42.9 GB/40.0 GiB)
[    2.361130] sd 2:0:1:0: Attached scsi generic sg1 type 0
[    2.361145] sd 2:0:0:0: [sda] Write Protect is off
[    2.362027] sd 2:0:1:0: [sdb] 20480 512-byte logical blocks: (10.5 MB/10.0 MiB)
[    2.362841] sd 2:0:0:0: [sda] Incomplete mode parameter data
[    2.362842] sd 2:0:0:0: [sda] Assuming drive cache: write through
[    2.366013] sd 2:0:1:0: [sdb] Write Protect is off
[    2.367045] sd 2:0:1:0: [sdb] Incomplete mode parameter data
[    2.367978] sd 2:0:1:0: [sdb] Assuming drive cache: write through
[    2.368877]  sda: sda1
[    2.370197] sd 2:0:0:0: [sda] Attached SCSI disk
[    2.371303] sd 2:0:1:0: [sdb] Attached SCSI disk
Begin: Loading essential drivers ... [    3.590120] md: linear personality registered for level -1
[    3.592776] md: multipath personality registered for level -4
[    3.595391] md: raid0 personality registered for level 0
[    3.598413] md: raid1 personality registered for level 1
[    3.668282] raid6: sse2x1   gen() 12676 MB/s
[    3.736187] raid6: sse2x1   xor()  8385 MB/s
[    3.804209] raid6: sse2x2   gen() 17084 MB/s
[    3.872202] raid6: sse2x2   xor() 11404 MB/s
[    3.940202] raid6: sse2x4   gen() 19029 MB/s
[    4.008222] raid6: sse2x4   xor() 12289 MB/s
[    4.076186] raid6: avx2x1   gen() 25739 MB/s
[    4.144302] raid6: avx2x2   gen() 32724 MB/s
[    4.212240] raid6: avx2x4   gen() 35599 MB/s
[    4.213105] raid6: using algorithm avx2x4 gen() 35599 MB/s
[    4.213967] raid6: using avx2x2 recovery algorithm
[    4.215959] xor: automatically using best checksumming function:
[    4.256198]    avx       : 28830.000 MB/sec
[    4.257691] async_tx: api initialized (async)
[    4.264236] md: raid6 personality registered for level 6
[    4.265234] md: raid5 personality registered for level 5
[    4.266064] md: raid4 personality registered for level 4
[    4.270817] md: raid10 personality registered for level 10
done.
Begin: Running /scripts/init-premount ... done.
Begin: Mounting root file system ... Begin: Running /scripts/local-top ... done.
Begin: Running /scripts/local-premount ... [    4.294938] Btrfs loaded
Scanning for Btrfs filesystems
done.
Warning: fsck not present, so skipping root file system
[    4.312806] EXT4-fs (sda1): mounted filesystem with ordered data mode. Opts: (null)
done.
Begin: Running /scripts/local-bottom ... done.
Begin: Running /scripts/init-bottom ... done.
[    4.369529] systemd[1]: systemd 229 running in system mode. (+PAM +AUDIT +SELINUX +IMA +APPARMOR +SMACK +SYSVINIT +UTMP +LIBCRYPTSETUP +GCRYPT +GNUTLS +ACL +XZ -LZ4 +SECCOMP +BLKID +ELFUTILS +KMOD -IDN)
[    4.372367] systemd[1]: Detected virtualization oracle.
[    4.373265] systemd[1]: Detected architecture x86-64.

Welcome to [1mUbuntu 16.04.7 LTS[0m!

[    4.375807] systemd[1]: Set hostname to <ubuntu>.
[    4.377863] systemd[1]: Initializing machine ID from random generator.
[    4.378925] systemd[1]: Installed transient /etc/machine-id file.
[    4.456224] systemd[1]: Listening on udev Control Socket.
[[0;32m  OK  [0m] Listening on udev Control Socket.
[    4.458003] systemd[1]: Listening on udev Kernel Socket.
[[0;32m  OK  [0m] Listening on udev Kernel Socket.
[    4.459874] systemd[1]: Created slice System Slice.
[[0;32m  OK  [0m] Created slice System Slice.
[    4.461504] systemd[1]: Reached target User and Group Name Lookups.
[[0;32m  OK  [0m] Reached target User and Group Name Lookups.
[    4.463416] systemd[1]: Listening on /dev/initctl Compatibility Named Pipe.
[[0;32m  OK  [0m] Listening on /dev/initctl Compatibility Named Pipe.
[    4.465622] systemd[1]: Set up automount Arbitrary Executable File Formats File System Automount Point.
[[0;32m  OK  [0m] Set up automount Arbitrary Executab...ats File System Automount Point.
[    4.468331] systemd[1]: Reached target Encrypted Volumes.
[[0;32m  OK  [0m] Reached target Encrypted Volumes.
[    4.470231] systemd[1]: Started Trigger resolvconf update for networkd DNS.
[[0;32m  OK  [0m] Started Trigger resolvconf update for networkd DNS.
[    4.472364] systemd[1]: Listening on LVM2 metadata daemon socket.
[[0;32m  OK  [0m] Listening on LVM2 metadata daemon socket.
[    4.474248] systemd[1]: Listening on LVM2 poll daemon socket.
[[0;32m  OK  [0m] Listening on LVM2 poll daemon socket.
[    4.476031] systemd[1]: Listening on fsck to fsckd communication Socket.
[[0;32m  OK  [0m] Listening on fsck to fsckd communication Socket.
[    4.478055] systemd[1]: Reached target System Time Synchronized.
[[0;32m  OK  [0m] Reached target System Time Synchronized.
[    4.479900] systemd[1]: Started Forward Password Requests to Wall Directory Watch.
[[0;32m  OK  [0m] Started Forward Password Requests to Wall Directory Watch.
[    4.482291] systemd[1]: Listening on Syslog Socket.
[[0;32m  OK  [0m] Listening on Syslog Socket.
[    4.484207] systemd[1]: Created slice User and Session Slice.
[[0;32m  OK  [0m] Created slice User and Session Slice.
[    4.485982] systemd[1]: Reached target Slices.
[[0;32m  OK  [0m] Reached target Slices.
[    4.487657] systemd[1]: Created slice system-serial\x2dgetty.slice.
[[0;32m  OK  [0m] Created slice system-serial\x2dgetty.slice.
[    4.489839] systemd[1]: Reached target Swap.
[[0;32m  OK  [0m] Reached target Swap.
[    4.491334] systemd[1]: Listening on Journal Audit Socket.
[[0;32m  OK  [0m] Listening on Journal Audit Socket.
[    4.493108] systemd[1]: Listening on Journal Socket (/dev/log).
[[0;32m  OK  [0m] Listening on Journal Socket (/dev/log).
[    4.495229] systemd[1]: Listening on Journal Socket.
[[0;32m  OK  [0m] Listening on Journal Socket.
[    4.512208] systemd[1]: Mounting Huge Pages File System...
         Mounting Huge Pages File System...
[    4.514781] systemd[1]: Starting Nameserver information manager...
         Starting Nameserver information manager...
[    4.517488] systemd[1]: Mounting POSIX Message Queue File System...
         Mounting POSIX Message Queue File System...
[    4.519672] systemd[1]: Mounting Debug File System...
         Mounting Debug File System...
[    4.521463] systemd[1]: Starting File System Check on Root Device...
         Starting File System Check on Root Device...
[    4.524390] systemd[1]: Starting Load Kernel Modules...
         Starting Load Kernel Modules...
[    4.528870] systemd[1]: Starting Set console keymap...
         Starting Set console keymap...
[    4.530869] systemd[1]: Starting Create list of required static device nodes for the current kernel...
         Starting Create list of required st... nodes for the current kernel...
[    4.533672] Loading iSCSI transport class v2.0-870.
[    4.534329] systemd[1]: Starting Uncomplicated firewall...
         Starting Uncomplicated firewall...
[    4.537118] systemd[1]: Starting Journal Service...
         Starting Journal Service...
[    4.538769] systemd[1]: Listening on Device-mapper event daemon FIFOs.
[[0;32m  OK  [0m] Listening on Device-mapper event daemon FIFOs.
[    4.542110] systemd[1]: Starting Monitoring of LVM2 mirrors, snapshots etc. using dmeventd or progress polling...
[    4.544092] iscsi: registered transport (tcp)
         Starting Monitoring of LVM2 mirrors... dmeventd or progress polling...
[    4.548895] systemd[1]: Mounted POSIX Message Queue File System.
[[0;32m  OK  [0m] Mounted POSIX Message Queue File System.
[    4.550859] systemd[1]: Mounted Huge Pages File System.
[[0;32m  OK  [0m] Mounted Huge Pages File System.
[    4.552941] systemd[1]: Mounted Debug File System.
[[0;32m  OK  [0m] Mounted Debug File System.
[    4.555760] systemd[1]: Started Create list of required static device nodes for the current kernel.
[[0;32m  OK  [0m] Started Create list of required sta...ce nodes for the current kernel.
[    4.559748] systemd[1]: Started Uncomplicated firewall.
[[0;32m  OK  [0m] Started Uncomplicated firewall.
[    4.563247] systemd[1]: Started Nameserver information manager.
[[0;32m  OK  [0m] Started Nameserver information manager.
[    4.566831] systemd[1]: Started LVM2 metadata daemon.
[[0;32m  OK  [0m] Started LVM2 metadata daemon.
[    4.569909] systemd[1]: Started File System Check Daemon to report status.
[[0;32m  OK  [0m] Started File System Check Daemon to report status.
[    4.573400] systemd[1]: Starting Create Static Device Nodes in /dev...
         Starting Create Static Device Nodes in /dev...
[    4.577449] systemd[1]: Started Journal Service.
[[0;32m  OK  [0m] Started Journal Service.
[[0;32m  OK  [0m] Started File System Check on Root Device.
         Starting Remount Root and Kernel File Systems...
[    4.589111] EXT4-fs (sda1): re-mounted. Opts: (null)
[    4.594158] iscsi: registered transport (iser)
[[0;32m  OK  [0m] Started Load Kernel Modules.
         Starting Apply Kernel Variables...
         Mounting FUSE Control File System...
[[0;32m  OK  [0m] Mounted FUSE Control File System.
[[0;32m  OK  [0m] Started Remount Root and Kernel File Systems.
[[0;32m  OK  [0m] Started Apply Kernel Variables.
[[0;32m  OK  [0m] Started Set console keymap.
         Starting Load/Save Random Seed...
         Starting Flush Journal to Persistent Storage...
         Starting udev Coldplug all Devices...
[[0;32m  OK  [0m] Started Load/Save Random Seed.
[[0;32m  OK  [0m] Started Create Static Device Nodes in /dev.
         Starting udev Kernel Device Manager...
[[0;32m  OK  [0m] Started Monitoring of LVM2 mirrors,...ng dmeventd or progress polling.
[[0;32m  OK  [0m] Reached target Local File Systems (Pre).
[[0;32m  OK  [0m] Reached target Local File Systems.
         Starting LSB: AppArmor initialization...
         Starting Commit a transient machine-id on disk...
         Starting Set console font and keymap...
         Starting Tell Plymouth To Write Out Runtime Data...
         Starting Initial cloud-init job (pre-networking)...
[[0;32m  OK  [0m] Started Flush Journal to Persistent Storage.
         Starting Create Volatile Files and Directories...
[[0;32m  OK  [0m] Started udev Kernel Device Manager.
[[0;32m  OK  [0m] Started Create Volatile Files and Directories.
         Starting Update UTMP about System Boot/Shutdown...
[[0;32m  OK  [0m] Started Commit a transient machine-id on disk.
[[0;32m  OK  [0m] Started Tell Plymouth To Write Out Runtime Data.
[[0;32m  OK  [0m] Started Update UTMP about System Boot/Shutdown.
[[0;32m  OK  [0m] Started udev Coldplug all Devices.
[[0;32m  OK  [0m] Started Dispatch Password Requests to Console Directory Watch.
[[0;32m  OK  [0m] Found device /dev/ttyS0.
[[0;32m  OK  [0m] Listening on Load/Save RF Kill Switch Status /dev/rfkill Watch.
[[0;32m  OK  [0m] Started Set console font and keymap.
[    5.229378] cloud-init[483]: Cloud-init v. 21.1-19-gbad84ad4-0ubuntu1~16.04.2 running 'init-local' at Thu, 02 Sep 2021 08:25:08 +0000. Up 4.98 seconds.
[[0;32m  OK  [0m] Started LSB: AppArmor initialization.
[[0;32m  OK  [0m] Started Initial cloud-init job (pre-networking).
[[0;32m  OK  [0m] Reached target Network (Pre).
         Starting Raise network interfaces...
         Starting Load AppArmor profiles managed internally by snapd...
[[0;32m  OK  [0m] Created slice system-getty.slice.
[[0;32m  OK  [0m] Started Load AppArmor profiles managed internally by snapd.
[[0;32m  OK  [0m] Started Raise network interfaces.
         Starting Initial cloud-init job (metadata service crawler)...
[[0;32m  OK  [0m] Reached target Network.
[    6.170183] cloud-init[966]: Cloud-init v. 21.1-19-gbad84ad4-0ubuntu1~16.04.2 running 'init' at Thu, 02 Sep 2021 08:25:09 +0000. Up 5.87 seconds.
[    6.176281] cloud-init[966]: ci-info: ++++++++++++++++++++++++++++++++++++++Net device info+++++++++++++++++++++++++++++++++++++++
[    6.184315] cloud-init[966]: ci-info: +--------+-------+----------------------------+---------------+--------+-------------------+
[    6.185465] cloud-init[966]: ci-info: | Device |   Up  |          Address           |      Mask     | Scope  |     Hw-Address    |
[    6.187215] cloud-init[966]: ci-info: +--------+-------+----------------------------+---------------+--------+-------------------+
[    6.188792] cloud-init[966]: ci-info: | enp0s3 |  True |         10.0.2.15          | 255.255.255.0 | global | 02:a0:46:b5:71:eb |
[    6.190541] cloud-init[966]: ci-info: | enp0s3 |  True | fe80::a0:46ff:feb5:71eb/64 |       .       |  link  | 02:a0:46:b5:71:eb |
[    6.192206] cloud-init[966]: ci-info: | enp0s8 | False |             .              |       .       |   .    | 08:00:27:52:2c:3f |
[    6.193581] cloud-init[966]: ci-info: |   lo   |  True |         127.0.0.1          |   255.0.0.0   |  host  |         .         |
[    6.200655] cloud-init[966]: ci-info: |   lo   |  True |          ::1/128           |       .       |  host  |         .         |
[    6.201926] cloud-init[966]: ci-info: +--------+-------+----------------------------+---------------+--------+-------------------+
[    6.203372] cloud-init[966]: ci-info: +++++++++++++++++++++++++++Route IPv4 info++++++++++++++++++++++++++++
[    6.204841] cloud-init[966]: ci-info: +-------+-------------+----------+---------------+-----------+-------+
[    6.218245] cloud-init[966]: ci-info: | Route | Destination | Gateway  |    Genmask    | Interface | Flags |
[[0;32m  OK  [0m] Started Initial cloud-init job (metadata service crawler).
[[0;32m  OK  [0m] Reached target System Initialization.
[[0;32m  OK  [0m] Started Message of the Day.
[[0;32m  OK  [0m] Started Daily apt download activities.
[    6.219916] cloud-init[966]: ci-info: +-------+-------------+----------+---------------+-----------+-------+
[[0;32m  OK  [0m] Started ACPI Events Check.
[[0;32m  OK  [0m] Reached target Paths.
[[0;32m  OK  [0m] Listening on UUID daemon activation socket.
[[0;32m  OK  [0m] Listening on D-Bus System Message Bus Socket.
[    6.224120] cloud-init[966]: ci-info: |   0   |   0.0.0.0   | 10.0.2.2 |    0.0.0.0    |   enp0s3  |   UG  |
[    6.228480] cloud-init[966]: ci-info: |   1   |   10.0.2.0  | 0.0.0.0  | 255.255.255.0 |   enp0s3  |   U   |
[    6.229785] cloud-init[966]: ci-info: +-------+-------------+----------+---------------+-----------+-------+
[    6.231067] cloud-init[966]: ci-info: +++++++++++++++++++Route IPv6 info+++++++++++++++++++
[    6.231233] cloud-init[966]: ci-info: +-------+-------------+---------+-----------+-------+
[    6.231675] cloud-init[966]: ci-info: | Route | Destination | Gateway | Interface | Flags |
[    6.232263] cloud-init[966]: ci-info: +-------+-------------+---------+-----------+-------+
[    6.232567] cloud-init[966]: ci-info: |   0   |  fe80::/64  |    ::   |   enp0s3  |   U   |
         Starting LXD - unix socket.
[    6.232764] cloud-init[966]: ci-info: |   3   |   ff00::/8  |    ::   |   enp0s3  |   U   |
[    6.237015] cloud-init[966]: ci-info: +-------+-------------+---------+-----------+-------+
[    6.237156] cloud-init[966]: Generating public/private rsa key pair.
[    6.237539] cloud-init[966]: Your identification has been saved in /etc/ssh/ssh_host_rsa_key.
[    6.237973] cloud-init[966]: Your public key has been saved in /etc/ssh/ssh_host_rsa_key.pub.
[    6.238411] cloud-init[966]: The key fingerprint is:
[    6.238840] cloud-init[966]: SHA256:fxgsrPGAgaXEth5HcgqmqZ6qr1Kpu1Zemt03kVgfeJM root@ubuntu-xenial
[    6.239271] cloud-init[966]: The key's randomart image is:
[    6.239561] cloud-init[966]: +---[RSA 2048]----+
[    6.239847] cloud-init[966]: | .. .            |
[    6.240445] cloud-init[966]: |.o++o            |
[    6.240871] cloud-init[966]: |o+o*.     . .    |
[    6.241311] cloud-init[966]: |o + .o . + E     |
[    6.241738] cloud-init[966]: |.. +. o S * o    |
[    6.242170] cloud-init[966]: |. +. . * = +     |
[    6.242461] cloud-init[966]: |.o+ = o . + .    |
[    6.242892] cloud-init[966]: |o+ + . . o .     |
[    6.243324] cloud-init[966]: |@=.     . .      |
[    6.243754] cloud-init[966]: +----[SHA256]-----+
[    6.244343] cloud-init[966]: Generating public/private dsa key pair.
[    6.244775] cloud-init[966]: Your identification has been saved in /etc/ssh/ssh_host_dsa_key.
[    6.245206] cloud-init[966]: Your public key has been saved in /etc/ssh/ssh_host_dsa_key.pub.
[    6.245678] cloud-init[966]: The key fingerprint is:
[    6.246114] cloud-init[966]: SHA256:4MVGXYZ76iBMtDuPrsH21MgneWymRh6x00UJfYduq48 root@ubuntu-xenial
[    6.246553] cloud-init[966]: The key's randomart image is:
[    6.246987] cloud-init[966]: +---[DSA 1024]----+
[    6.247422] cloud-init[966]: |        o+ +o.   |
[    6.247852] cloud-init[966]: |      .o  *.o .  |
[    6.248447] cloud-init[966]: |     ...+. + .   |
[    6.248874] cloud-init[966]: |     .++  o +    |
[    6.249310] cloud-init[966]: |     o.=S. + .   |
[    6.249743] cloud-init[966]: |   . .X=o . .    |
[    6.250005] cloud-init[966]: |    +o*BBo .     |
[    6.250427] cloud-init[966]: |   . ++B. o.     |
[    6.250858] cloud-init[966]: |    .++   E..    |
[    6.251289] cloud-init[966]: +----[SHA256]-----+
[    6.251723] cloud-init[966]: Generating public/private ecdsa key pair.
[    6.252332] cloud-init[966]: Your identification has been saved in /etc/ssh/ssh_host_ecdsa_key.
[    6.252765] cloud-init[966]: Your public key has been saved in /etc/ssh/ssh_host_ecdsa_key.pub.
[    6.253175] cloud-init[966]: The key fingerprint is:
[    6.253602] cloud-init[966]: SHA256:DrTEsmpZ4tKssoXglLvbYEDDnkaOWoBBJjbmoCrzSDI root@ubuntu-xenial
[    6.254036] cloud-init[966]: The key's randomart image is:
[    6.254463] cloud-init[966]: +---[ECDSA 256]---+
[    6.254893] cloud-init[966]: |=*               |
[    6.255324] cloud-init[966]: |@..  .           |
[    6.255897] cloud-init[966]: |+*  . +          |
         Starting Socket activation for snappy daemon.
[    6.256116] cloud-init[966]: |B.+  = .         |
[    6.264300] cloud-init[966]: |EOo o o S        |
[    6.264899] cloud-init[966]: |@@.=   o         |
[    6.265321] cloud-init[966]: |==X     .        |
[    6.265758] cloud-init[966]: |o=+              |
[    6.266194] cloud-init[966]: |++..             |
[    6.266630] cloud-init[966]: +----[SHA256]-----+
[    6.267071] cloud-init[966]: Generating public/private ed25519 key pair.
[    6.267835] cloud-init[966]: Your identification has been saved in /etc/ssh/ssh_host_ed25519_key.
[    6.268561] cloud-init[966]: Your public key has been saved in /etc/ssh/ssh_host_ed25519_key.pub.
[    6.268987] cloud-init[966]: The key fingerprint is:
[    6.269418] cloud-init[966]: SHA256:sdUjrImoqUDwtNAEvELFctwZy43RPin0KkeYuFKip1E root@ubuntu-xenial
[    6.269864] cloud-init[966]: The key's randomart image is:
[    6.270008] cloud-init[966]: +--[ED25519 256]--+
[    6.270170] cloud-init[966]: |o.=..o+          |
[    6.270336] cloud-init[966]: | * +.+=. . .     |
[    6.270614] cloud-init[966]: |+ B ++o.o + o    |
[    6.270947] cloud-init[966]: |+*E+ + * * . .   |
[    6.271377] cloud-init[966]: |o=+ o + S        |
[    6.271811] cloud-init[966]: |=..+ o           |
[    6.272398] cloud-init[966]: |o+o o            |
[    6.272777] cloud-init[966]: |o.               |
[    6.273220] cloud-init[966]: |.                |
[    6.273641] cloud-init[966]: +----[SHA256]-----+
[[0;32m  OK  [0m] Started Ubuntu Advantage update messaging.
[[0;32m  OK  [0m] Started Daily apt upgrade and clean activities.
[[0;32m  OK  [0m] Listening on ACPID Listen Socket.
[[0;32m  OK  [0m] Started Daily Cleanup of Temporary Directories.
[[0;32m  OK  [0m] Reached target Timers.
[[0;32m  OK  [0m] Reached target Cloud-config availability.
[[0;32m  OK  [0m] Reached target Network is Online.
         Starting iSCSI initiator daemon (iscsid)...
[[0;32m  OK  [0m] Listening on LXD - unix socket.
[[0;32m  OK  [0m] Listening on Socket activation for snappy daemon.
[[0;32m  OK  [0m] Reached target Sockets.
[[0;32m  OK  [0m] Reached target Basic System.
[[0;32m  OK  [0m] Started Deferred execution scheduler.
[[0;32m  OK  [0m] Started FUSE filesystem for LXC.
         Starting LSB: MD monitoring daemon...
         Starting Accounts Service...
         Starting Login Service...
         Starting /etc/rc.local Compatibility...
         Starting Pollinate to seed the pseudo random number generator...
         Starting Virtualbox guest utils...
         Starting System Logging Service...
[[0;32m  OK  [0m] Started ACPI event daemon.
         Starting LXD - container startup/shutdown...
[[0;32m  OK  [0m] Started Regular background program processing daemon.
         Starting Snap Daemon...
[[0;32m  OK  [0m] Started D-Bus System Message Bus.
         Starting LSB: Record successful boot for GRUB...
[[0;32m  OK  [0m] Started System Logging Service.
[[0;32m  OK  [0m] Started /etc/rc.local Compatibility.
[[0;32m  OK  [0m] Started LXD - container startup/shutdown.
[[0;32m  OK  [0m] Started iSCSI initiator daemon (iscsid).
[[0;32m  OK  [0m] Started Login Service.
[[0;32m  OK  [0m] Started Unattended Upgrades Shutdown.
         Starting Authenticate and Authorize Users to Run Privileged Tasks...
         Starting Login to default iSCSI targets...
[[0;32m  OK  [0m] Started LSB: MD monitoring daemon.
[[0;32m  OK  [0m] Started Login to default iSCSI targets.
[[0;32m  OK  [0m] Reached target Remote File Systems (Pre).
[[0;32m  OK  [0m] Reached target Remote File Systems.
         Starting Permit User Sessions...
         Starting LSB: Set the CPU Frequency Scaling governor to "ondemand"...
         Starting LSB: automatic crash report generation...
         Starting LSB: daemon to balance interrupts for SMP systems...
[[0;32m  OK  [0m] Started LSB: Record successful boot for GRUB.
[[0;32m  OK  [0m] Started Permit User Sessions.
[[0;32m  OK  [0m] Started Authenticate and Authorize Users to Run Privileged Tasks.
[[0;32m  OK  [0m] Started Accounts Service.
         Starting Hold until boot process finishes up...
         Starting Terminate Plymouth Boot Screen...
[[0;32m  OK  [0m] Started Virtualbox guest utils.
[[0;32m  OK  [0m] Started LSB: automatic crash report generation.
[[0;32m  OK  [0m] Started Hold until boot process finishes up.
[[0;32m  OK  [0m] Started Getty on tty1.
[[0;32m  OK  [0m] Started Serial Getty on ttyS0.
[[0;32m  OK  [0m] Reached target Login Prompts.
         Starting Set console scheme...
[[0;32m  OK  [0m] Started LSB: Set the CPU Frequency Scaling governor to "ondemand".
[[0;32m  OK  [0m] Started Terminate Plymouth Boot Screen.
[[0;32m  OK  [0m] Started LSB: daemon to balance interrupts for SMP systems.
[[0;32m  OK  [0m] Started Set console scheme.
[[0;32m  OK  [0m] Started Snap Daemon.
         Starting Wait until snapd is fully seeded...
[[0;32m  OK  [0m] Started Pollinate to seed the pseudo random number generator.
         Starting OpenBSD Secure Shell server...
[[0;32m  OK  [0m] Started OpenBSD Secure Shell server.
[[0;32m  OK  [0m] Started Wait until snapd is fully seeded.
[[0;32m  OK  [0m] Reached target Multi-User System.
[[0;32m  OK  [0m] Reached target Graphical Interface.
         Starting Update UTMP about System Runlevel Changes...
         Starting Apply the settings specified in cloud-config...
[[0;32m  OK  [0m] Started Update UTMP about System Runlevel Changes.
[   10.890930] cloud-init[1308]: Generating locales (this might take a while)...
[   11.377162] cloud-init[1308]:   en_US.UTF-8... done
[   11.378263] cloud-init[1308]: Generation complete.
[   11.561454] cloud-init[1308]: Cloud-init v. 21.1-19-gbad84ad4-0ubuntu1~16.04.2 running 'modules:config' at Thu, 02 Sep 2021 08:25:14 +0000. Up 10.83 seconds.
ci-info: no authorized SSH keys fingerprints found for user ubuntu.
<14>Sep  2 08:25:15 ec2: 
<14>Sep  2 08:25:15 ec2: #############################################################
<14>Sep  2 08:25:15 ec2: -----BEGIN SSH HOST KEY FINGERPRINTS-----
<14>Sep  2 08:25:15 ec2: 1024 SHA256:4MVGXYZ76iBMtDuPrsH21MgneWymRh6x00UJfYduq48 root@ubuntu-xenial (DSA)
<14>Sep  2 08:25:15 ec2: 256 SHA256:DrTEsmpZ4tKssoXglLvbYEDDnkaOWoBBJjbmoCrzSDI root@ubuntu-xenial (ECDSA)
<14>Sep  2 08:25:15 ec2: 256 SHA256:sdUjrImoqUDwtNAEvELFctwZy43RPin0KkeYuFKip1E root@ubuntu-xenial (ED25519)
<14>Sep  2 08:25:15 ec2: 2048 SHA256:fxgsrPGAgaXEth5HcgqmqZ6qr1Kpu1Zemt03kVgfeJM root@ubuntu-xenial (RSA)
<14>Sep  2 08:25:15 ec2: -----END SSH HOST KEY FINGERPRINTS-----
<14>Sep  2 08:25:15 ec2: #############################################################
-----BEGIN SSH HOST KEY KEYS-----
ecdsa-sha2-nistp256 AAAAE2VjZHNhLXNoYTItbmlzdHAyNTYAAAAIbmlzdHAyNTYAAABBBDaZoYBkOgG3+s0/sEIDnLi1Ns8r6AFAIP6+LLNkAb/L18wMweH38e39ZE3wJN+alZrhYMvoWLD1FaMb4KJxlOs= root@ubuntu-xenial
ssh-ed25519 AAAAC3NzaC1lZDI1NTE5AAAAIBmFI30Dv8tp6y5Um2IhY5Q6Y2aw7rYpFQmzJi30Vn22 root@ubuntu-xenial
ssh-rsa AAAAB3NzaC1yc2EAAAADAQABAAABAQDNk+g/4UtwvhFtSWkB3XQ+hdcFJ/fwrYTNGwlSoM9zJ23gUoAhhSGCOrvcakupmBXGw3najgYE34b1iPGLa0VQG1ginT2i6gKAOguSxvebofbLe0i8XFmG3z47btLIvmOlkT+Q10ee0RRxjYubKMXRk8JtIknKlIN1Gq1+nmBu1I0JVGya1hoLyxdfGPbN4YyyfW7WVic3fhd91f0lSCKv4EWw7j0c15cGZ88PIqd6qfKSC/PTQCkgsjtBunhqrCmZBuBG3PDzAtgipMftKxaDpCSLRLnJPbYrQ1f8T6Y4BylAb4GIKe+t/SZhImE2R4AP3bpaPSuGJlhhV232BVln root@ubuntu-xenial
-----END SSH HOST KEY KEYS-----
[   11.882255] cloud-init[1355]: Cloud-init v. 21.1-19-gbad84ad4-0ubuntu1~16.04.2 running 'modules:final' at Thu, 02 Sep 2021 08:25:15 +0000. Up 11.78 seconds.
[   11.882430] cloud-init[1355]: ci-info: no authorized SSH keys fingerprints found for user ubuntu.
[   11.882564] cloud-init[1355]: Cloud-init v. 21.1-19-gbad84ad4-0ubuntu1~16.04.2 finished at Thu, 02 Sep 2021 08:25:15 +0000. Datasource DataSourceNoCloud [seed=/dev/sdb][dsmode=net].  Up 11.87 seconds

Ubuntu 16.04.7 LTS ubuntu-xenial ttyS0

ubuntu-xenial login: 