[    0.000000] Initializing cgroup subsys cpuset
[    0.000000] Initializing cgroup subsys cpu
[    0.000000] Initializing cgroup subsys cpuacct
[    0.000000] Linux version 4.4.0-210-generic (buildd@lgw01-amd64-009) (gcc version 5.4.0 20160609 (Ubuntu 5.4.0-6ubuntu1~16.04.12) ) #242-Ubuntu SMP Fri Apr 16 09:57:56 UTC 2021 (Ubuntu 4.4.0-210.242-generic 4.4.262)
[    0.000000] Command line: BOOT_IMAGE=/boot/vmlinuz-4.4.0-210-generic root=LABEL=cloudimg-rootfs ro console=tty1 console=ttyS0
[    0.000000] KERNEL supported cpus:
[    0.000000]   Intel GenuineIntel
[    0.000000]   AMD AuthenticAMD
[    0.000000]   Centaur CentaurHauls
[    0.000000] x86/fpu: xstate_offset[2]:  576, xstate_sizes[2]:  256
[    0.000000] x86/fpu: Supporting XSAVE feature 0x01: 'x87 floating point registers'
[    0.000000] x86/fpu: Supporting XSAVE feature 0x02: 'SSE registers'
[    0.000000] x86/fpu: Supporting XSAVE feature 0x04: 'AVX registers'
[    0.000000] x86/fpu: Enabled xstate features 0x7, context size is 832 bytes, using 'standard' format.
[    0.000000] e820: BIOS-provided physical RAM map:
[    0.000000] BIOS-e820: [mem 0x0000000000000000-0x000000000009fbff] usable
[    0.000000] BIOS-e820: [mem 0x000000000009fc00-0x000000000009ffff] reserved
[    0.000000] BIOS-e820: [mem 0x00000000000f0000-0x00000000000fffff] reserved
[    0.000000] BIOS-e820: [mem 0x0000000000100000-0x000000003ffeffff] usable
[    0.000000] BIOS-e820: [mem 0x000000003fff0000-0x000000003fffffff] ACPI data
[    0.000000] BIOS-e820: [mem 0x00000000fec00000-0x00000000fec00fff] reserved
[    0.000000] BIOS-e820: [mem 0x00000000fee00000-0x00000000fee00fff] reserved
[    0.000000] BIOS-e820: [mem 0x00000000fffc0000-0x00000000ffffffff] reserved
[    0.000000] NX (Execute Disable) protection: active
[    0.000000] SMBIOS 2.5 present.
[    0.000000] Hypervisor detected: KVM
[    0.000000] e820: last_pfn = 0x3fff0 max_arch_pfn = 0x400000000
[    0.000000] MTRR: Disabled
[    0.000000] x86/PAT: MTRRs disabled, skipping PAT initialization too.
[    0.000000] CPU MTRRs all blank - virtualized system.
[    0.000000] x86/PAT: Configuration [0-7]: WB  WT  UC- UC  WB  WT  UC- UC  
[    0.000000] found SMP MP-table at [mem 0x0009fff0-0x0009ffff] mapped at [ffff88000009fff0]
[    0.000000] Scanning 1 areas for low memory corruption
[    0.000000] RAMDISK: [mem 0x362dc000-0x37165fff]
[    0.000000] ACPI: Early table checksum verification disabled
[    0.000000] ACPI: RSDP 0x00000000000E0000 000024 (v02 VBOX  )
[    0.000000] ACPI: XSDT 0x000000003FFF0030 00003C (v01 VBOX   VBOXXSDT 00000001 ASL  00000061)
[    0.000000] ACPI: FACP 0x000000003FFF00F0 0000F4 (v04 VBOX   VBOXFACP 00000001 ASL  00000061)
[    0.000000] ACPI: DSDT 0x000000003FFF0470 002325 (v02 VBOX   VBOXBIOS 00000002 INTL 20120111)
[    0.000000] ACPI: FACS 0x000000003FFF0200 000040
[    0.000000] ACPI: FACS 0x000000003FFF0200 000040
[    0.000000] ACPI: APIC 0x000000003FFF0240 00005C (v02 VBOX   VBOXAPIC 00000001 ASL  00000061)
[    0.000000] ACPI: SSDT 0x000000003FFF02A0 0001CC (v01 VBOX   VBOXCPUT 00000002 INTL 20120111)
[    0.000000] No NUMA configuration found
[    0.000000] Faking a node at [mem 0x0000000000000000-0x000000003ffeffff]
[    0.000000] NODE_DATA(0) allocated [mem 0x3ffeb000-0x3ffeffff]
[    0.000000] kvm-clock: Using msrs 4b564d01 and 4b564d00
[    0.000000] kvm-clock: cpu 0, msr 0:3ffe3001, primary cpu clock
[    0.000000] kvm-clock: using sched offset of 3585464790 cycles
[    0.000000] clocksource: kvm-clock: mask: 0xffffffffffffffff max_cycles: 0x1cd42e4dffb, max_idle_ns: 881590591483 ns
[    0.000000] Zone ranges:
[    0.000000]   DMA      [mem 0x0000000000001000-0x0000000000ffffff]
[    0.000000]   DMA32    [mem 0x0000000001000000-0x000000003ffeffff]
[    0.000000]   Normal   empty
[    0.000000]   Device   empty
[    0.000000] Movable zone start for each node
[    0.000000] Early memory node ranges
[    0.000000]   node   0: [mem 0x0000000000001000-0x000000000009efff]
[    0.000000]   node   0: [mem 0x0000000000100000-0x000000003ffeffff]
[    0.000000] Initmem setup node 0 [mem 0x0000000000001000-0x000000003ffeffff]
[    0.000000] ACPI: PM-Timer IO Port: 0x4008
[    0.000000] IOAPIC[0]: apic_id 2, version 32, address 0xfec00000, GSI 0-23
[    0.000000] ACPI: INT_SRC_OVR (bus 0 bus_irq 0 global_irq 2 dfl dfl)
[    0.000000] ACPI: INT_SRC_OVR (bus 0 bus_irq 9 global_irq 9 low level)
[    0.000000] Using ACPI (MADT) for SMP configuration information
[    0.000000] smpboot: Allowing 2 CPUs, 0 hotplug CPUs
[    0.000000] PM: Registered nosave memory: [mem 0x00000000-0x00000fff]
[    0.000000] PM: Registered nosave memory: [mem 0x0009f000-0x0009ffff]
[    0.000000] PM: Registered nosave memory: [mem 0x000a0000-0x000effff]
[    0.000000] PM: Registered nosave memory: [mem 0x000f0000-0x000fffff]
[    0.000000] e820: [mem 0x40000000-0xfebfffff] available for PCI devices
[    0.000000] Booting paravirtualized kernel on KVM
[    0.000000] clocksource: refined-jiffies: mask: 0xffffffff max_cycles: 0xffffffff, max_idle_ns: 7645519600211568 ns
[    0.000000] setup_percpu: NR_CPUS:512 nr_cpumask_bits:512 nr_cpu_ids:2 nr_node_ids:1
[    0.000000] PERCPU: Embedded 33 pages/cpu @ffff88003fc00000 s95192 r8192 d31784 u1048576
[    0.000000] Built 1 zonelists in Node order, mobility grouping on.  Total pages: 257912
[    0.000000] Policy zone: DMA32
[    0.000000] Kernel command line: BOOT_IMAGE=/boot/vmlinuz-4.4.0-210-generic root=LABEL=cloudimg-rootfs ro console=tty1 console=ttyS0
[    0.000000] PID hash table entries: 4096 (order: 3, 32768 bytes)
[    0.000000] Memory: 997792K/1048120K available (8644K kernel code, 1332K rwdata, 4044K rodata, 1492K init, 1164K bss, 50328K reserved, 0K cma-reserved)
[    0.000000] SLUB: HWalign=64, Order=0-3, MinObjects=0, CPUs=2, Nodes=1
[    0.000000] Kernel/User page tables isolation: enabled
[    0.000000] Hierarchical RCU implementation.
[    0.000000] 	Build-time adjustment of leaf fanout to 64.
[    0.000000] 	RCU restricting CPUs from NR_CPUS=512 to nr_cpu_ids=2.
[    0.000000] RCU: Adjusting geometry for rcu_fanout_leaf=64, nr_cpu_ids=2
[    0.000000] NR_IRQS:33024 nr_irqs:440 16
[    0.000000] Console: colour VGA+ 80x25
[    0.000000] console [tty1] enabled
[    0.000000] console [ttyS0] enabled
[    0.000000] tsc: Detected 2592.000 MHz processor
[    0.122165] Calibrating delay loop (skipped) preset value.. 5184.00 BogoMIPS (lpj=10368000)
[    0.123634] pid_max: default: 32768 minimum: 301
[    0.124420] ACPI: Core revision 20150930
[    0.125788] ACPI: 2 ACPI AML tables successfully acquired and loaded
[    0.126882] Security Framework initialized
[    0.127587] Yama: becoming mindful.
[    0.128213] AppArmor: AppArmor initialized
[    0.128977] Dentry cache hash table entries: 131072 (order: 8, 1048576 bytes)
[    0.134343] Inode-cache hash table entries: 65536 (order: 7, 524288 bytes)
[    0.135490] Mount-cache hash table entries: 2048 (order: 2, 16384 bytes)
[    0.136543] Mountpoint-cache hash table entries: 2048 (order: 2, 16384 bytes)
[    0.137760] Initializing cgroup subsys io
[    0.138451] Initializing cgroup subsys memory
[    0.139185] Initializing cgroup subsys devices
[    0.139930] Initializing cgroup subsys freezer
[    0.140671] Initializing cgroup subsys net_cls
[    0.141418] Initializing cgroup subsys perf_event
[    0.142225] Initializing cgroup subsys net_prio
[    0.142988] Initializing cgroup subsys hugetlb
[    0.143744] Initializing cgroup subsys pids
[    0.145444] mce: CPU supports 0 MCE banks
[    0.146181] Last level iTLB entries: 4KB 64, 2MB 8, 4MB 8
[    0.147048] Last level dTLB entries: 4KB 64, 2MB 0, 4MB 0, 1GB 4
[    0.147999] Spectre V1 : Mitigation: usercopy/swapgs barriers and __user pointer sanitization
[    0.149398] Spectre V2 : Mitigation: Full generic retpoline
[    0.150324] Spectre V2 : Spectre v2 / SpectreRSB mitigation: Filling RSB on context switch
[    0.151700] Speculative Store Bypass: Vulnerable
[    0.152570] MDS: Mitigation: Clear CPU buffers
[    0.155412] Freeing SMP alternatives memory: 36K
[    0.160804] ftrace: allocating 32380 entries in 127 pages
[    0.210155] smpboot: APIC(0) Converting physical 0 to logical package 0
[    0.211551] smpboot: Max logical packages: 1
[    0.212603] x2apic enabled
[    0.213729] Switched APIC routing to physical x2apic.
[    0.215471] ..TIMER: vector=0x30 apic1=0 pin1=2 apic2=-1 pin2=-1
[    0.324525] smpboot: CPU0: Intel(R) Core(TM) i7-10750H CPU @ 2.60GHz (family: 0x6, model: 0xa5, stepping: 0x2)
[    0.326520] Performance Events: unsupported p6 CPU model 165 no PMU driver, software events only.
[    0.336099] KVM setup paravirtual spinlock
[    0.337258] x86: Booting SMP configuration:
[    0.337930] .... node  #0, CPUs:      #1
[    0.338657] kvm-clock: cpu 1, msr 0:3ffe3041, secondary cpu clock
[    0.340759] mce: CPU supports 0 MCE banks
[    0.343825] x86: Booted up 1 node, 2 CPUs
[    0.345155] smpboot: Total of 2 processors activated (10368.00 BogoMIPS)
[    0.346737] devtmpfs: initialized
[    0.349072] evm: security.selinux
[    0.349636] evm: security.SMACK64
[    0.350203] evm: security.SMACK64EXEC
[    0.350804] evm: security.SMACK64TRANSMUTE
[    0.351454] evm: security.SMACK64MMAP
[    0.352176] evm: security.ima
[    0.352937] evm: security.capability
[    0.354070] clocksource: jiffies: mask: 0xffffffff max_cycles: 0xffffffff, max_idle_ns: 7645041785100000 ns
[    0.355774] futex hash table entries: 512 (order: 3, 32768 bytes)
[    0.357427] pinctrl core: initialized pinctrl subsystem
[    0.358328] RTC time:  4:20:15, date: 08/23/21
[    0.359192] NET: Registered protocol family 16
[    0.368974] cpuidle: using governor ladder
[    0.380700] cpuidle: using governor menu
[    0.381613] PCCT header not found.
[    0.382477] ACPI: bus type PCI registered
[    0.383374] acpiphp: ACPI Hot Plug PCI Controller Driver version: 0.5
[    0.384827] PCI: Using configuration type 1 for base access
[    0.397813] ACPI: Added _OSI(Module Device)
[    0.398640] ACPI: Added _OSI(Processor Device)
[    0.399488] ACPI: Added _OSI(3.0 _SCP Extensions)
[    0.400352] ACPI: Added _OSI(Processor Aggregator Device)
[    0.401977] ACPI: Executed 1 blocks of module-level executable AML code
[    0.404534] ACPI: Interpreter enabled
[    0.405186] ACPI: (supports S0 S5)
[    0.405893] ACPI: Using IOAPIC for interrupt routing
[    0.406993] PCI: Using host bridge windows from ACPI; if necessary, use "pci=nocrs" and report a bug
[    0.411842] ACPI: PCI Root Bridge [PCI0] (domain 0000 [bus 00-ff])
[    0.412808] acpi PNP0A03:00: _OSC: OS supports [ASPM ClockPM Segments MSI]
[    0.413997] acpi PNP0A03:00: _OSC: not requesting OS control; OS requires [ExtendedConfig ASPM ClockPM MSI]
[    0.415463] acpi PNP0A03:00: fail to add MMCONFIG information, can't access extended PCI configuration space under this bridge.
[    0.417470] PCI host bridge to bus 0000:00
[    0.418253] pci_bus 0000:00: root bus resource [io  0x0000-0x0cf7 window]
[    0.419593] pci_bus 0000:00: root bus resource [io  0x0d00-0xffff window]
[    0.420589] pci_bus 0000:00: root bus resource [mem 0x000a0000-0x000bffff window]
[    0.421852] pci_bus 0000:00: root bus resource [mem 0x40000000-0xfdffffff window]
[    0.423369] pci_bus 0000:00: root bus resource [bus 00-ff]
[    0.426225] pci 0000:00:01.1: legacy IDE quirk: reg 0x10: [io  0x01f0-0x01f7]
[    0.427297] pci 0000:00:01.1: legacy IDE quirk: reg 0x14: [io  0x03f6]
[    0.428311] pci 0000:00:01.1: legacy IDE quirk: reg 0x18: [io  0x0170-0x0177]
[    0.429458] pci 0000:00:01.1: legacy IDE quirk: reg 0x1c: [io  0x0376]
[    0.446936] pci 0000:00:07.0: quirk: [io  0x4000-0x403f] claimed by PIIX4 ACPI
[    0.448178] pci 0000:00:07.0: quirk: [io  0x4100-0x410f] claimed by PIIX4 SMB
[    0.455033] ACPI: PCI Interrupt Link [LNKA] (IRQs 5 9 10 *11)
[    0.456995] ACPI: PCI Interrupt Link [LNKB] (IRQs 5 9 *10 11)
[    0.458373] ACPI: PCI Interrupt Link [LNKC] (IRQs 5 *9 10 11)
[    0.459561] ACPI: PCI Interrupt Link [LNKD] (IRQs 5 9 10 *11)
[    0.460874] ACPI: Enabled 2 GPEs in block 00 to 07
[    0.461944] vgaarb: setting as boot device: PCI:0000:00:02.0
[    0.462843] vgaarb: device added: PCI:0000:00:02.0,decodes=io+mem,owns=io+mem,locks=none
[    0.464179] vgaarb: loaded
[    0.464697] vgaarb: bridge control possible 0000:00:02.0
[    0.465731] SCSI subsystem initialized
[    0.466578] ACPI: bus type USB registered
[    0.467314] usbcore: registered new interface driver usbfs
[    0.468137] usbcore: registered new interface driver hub
[    0.468971] usbcore: registered new device driver usb
[    0.474366] PCI: Using ACPI for IRQ routing
[    0.475327] NetLabel: Initializing
[    0.476088] NetLabel:  domain hash size = 128
[    0.476928] NetLabel:  protocols = UNLABELED CIPSOv4
[    0.477695] NetLabel:  unlabeled traffic allowed by default
[    0.478717] amd_nb: Cannot enumerate AMD northbridges
[    0.479534] clocksource: Switched to clocksource kvm-clock
[    0.490260] AppArmor: AppArmor Filesystem Enabled
[    0.491293] pnp: PnP ACPI init
[    0.492875] pnp: PnP ACPI: found 3 devices
[    0.501113] clocksource: acpi_pm: mask: 0xffffff max_cycles: 0xffffff, max_idle_ns: 2085701024 ns
[    0.502816] NET: Registered protocol family 2
[    0.503621] TCP established hash table entries: 8192 (order: 4, 65536 bytes)
[    0.504643] TCP bind hash table entries: 8192 (order: 5, 131072 bytes)
[    0.505646] TCP: Hash tables configured (established 8192 bind 8192)
[    0.506919] UDP hash table entries: 512 (order: 2, 16384 bytes)
[    0.507854] UDP-Lite hash table entries: 512 (order: 2, 16384 bytes)
[    0.508956] NET: Registered protocol family 1
[    0.509655] pci 0000:00:00.0: Limiting direct PCI/PCI transfers
[    0.510542] pci 0000:00:01.0: Activating ISA DMA hang workarounds
[    0.511582] Unpacking initramfs...
[    0.730152] Freeing initrd memory: 14888K
[    0.731238] clocksource: tsc: mask: 0xffffffffffffffff max_cycles: 0x255cb6cc5db, max_idle_ns: 440795203504 ns
[    0.733155] platform rtc_cmos: registered platform RTC device (no PNP device found)
[    0.734401] Scanning for low memory corruption every 60 seconds
[    0.735959] audit: initializing netlink subsys (disabled)
[    0.736789] audit: type=2000 audit(1629692421.620:1): initialized
[    0.738042] Initialise system trusted keyring
[    0.738976] HugeTLB registered 2 MB page size, pre-allocated 0 pages
[    0.741083] zbud: loaded
[    0.741811] VFS: Disk quotas dquot_6.6.0
[    0.742500] VFS: Dquot-cache hash table entries: 512 (order 0, 4096 bytes)
[    0.743625] squashfs: version 4.0 (2009/01/31) Phillip Lougher
[    0.744890] fuse init (API version 7.23)
[    0.745613] Key type big_key registered
[    0.746252] Allocating IMA MOK and blacklist keyrings.
[    0.747517] Key type asymmetric registered
[    0.748270] Asymmetric key parser 'x509' registered
[    0.749032] Block layer SCSI generic (bsg) driver version 0.4 loaded (major 249)
[    0.750220] io scheduler noop registered
[    0.750848] io scheduler deadline registered (default)
[    0.751767] io scheduler cfq registered
[    0.752548] pci_hotplug: PCI Hot Plug PCI Core version: 0.5
[    0.753986] pciehp: PCI Express Hot Plug Controller Driver version: 0.4
[    0.755309] ACPI: AC Adapter [AC] (on-line)
[    0.757037] input: Power Button as /devices/LNXSYSTM:00/LNXPWRBN:00/input/input0
[    0.758386] ACPI: Power Button [PWRF]
[    0.759101] input: Sleep Button as /devices/LNXSYSTM:00/LNXSLPBN:00/input/input1
[    0.760429] ACPI: Sleep Button [SLPF]
[    0.761263] GHES: HEST is not enabled!
[    0.762273] ACPI: Battery Slot [BAT0] (battery present)
[    0.763332] Serial: 8250/16550 driver, 32 ports, IRQ sharing enabled
[    0.784928] 00:02: ttyS0 at I/O 0x3f8 (irq = 4, base_baud = 115200) is a 16550A
[    0.788100] Linux agpgart interface v0.103
[    0.790330] loop: module loaded
[    0.791474] scsi host0: ata_piix
[    0.792213] scsi host1: ata_piix
[    0.792949] ata1: PATA max UDMA/33 cmd 0x1f0 ctl 0x3f6 bmdma 0xd000 irq 14
[    0.793947] ata2: PATA max UDMA/33 cmd 0x170 ctl 0x376 bmdma 0xd008 irq 15
[    0.795017] libphy: Fixed MDIO Bus: probed
[    0.795710] tun: Universal TUN/TAP device driver, 1.6
[    0.796494] tun: (C) 1999-2004 Max Krasnyansky <maxk@qualcomm.com>
[    0.797484] PPP generic driver version 2.4.2
[    0.798404] ehci_hcd: USB 2.0 'Enhanced' Host Controller (EHCI) Driver
[    0.799677] ehci-pci: EHCI PCI platform driver
[    0.800692] ehci-platform: EHCI generic platform driver
[    0.801554] ohci_hcd: USB 1.1 'Open' Host Controller (OHCI) Driver
[    0.802472] ohci-pci: OHCI PCI platform driver
[    0.803182] ohci-platform: OHCI generic platform driver
[    0.804015] uhci_hcd: USB Universal Host Controller Interface driver
[    0.804992] i8042: PNP: PS/2 Controller [PNP0303:PS2K,PNP0f03:PS2M] at 0x60,0x64 irq 1,12
[    0.806730] serio: i8042 KBD port at 0x60,0x64 irq 1
[    0.807636] serio: i8042 AUX port at 0x60,0x64 irq 12
[    0.808769] mousedev: PS/2 mouse device common for all mice
[    0.809880] input: AT Translated Set 2 keyboard as /devices/platform/i8042/serio0/input/input2
[    0.811530] rtc_cmos rtc_cmos: rtc core: registered rtc_cmos as rtc0
[    0.812742] rtc_cmos rtc_cmos: alarms up to one day, 114 bytes nvram
[    0.814210] i2c /dev entries driver
[    0.814886] device-mapper: uevent: version 1.0.3
[    0.815771] device-mapper: ioctl: 4.34.0-ioctl (2015-10-28) initialised: dm-devel@redhat.com
[    0.817154] ledtrig-cpu: registered to indicate activity on CPUs
[    0.818402] NET: Registered protocol family 10
[    0.819314] NET: Registered protocol family 17
[    0.820395] Key type dns_resolver registered
[    0.821482] registered taskstats version 1
[    0.822226] Loading compiled-in X.509 certificates
[    0.823543] Loaded X.509 cert 'Build time autogenerated kernel key: cf00e047681d67edb2720680708b7d9498083038'
[    0.825441] zswap: loaded using pool lzo/zbud
[    0.827956] Key type trusted registered
[    0.830774] Key type encrypted registered
[    0.831472] AppArmor: AppArmor sha1 policy hashing enabled
[    0.832398] ima: No TPM chip found, activating TPM-bypass!
[    0.833277] ima: Allocated hash algorithm: sha1
[    0.834041] evm: HMAC attrs: 0x1
[    0.834910]   Magic number: 1:434:313
[    0.835639] rtc_cmos rtc_cmos: setting system clock to 2021-08-23 04:20:16 UTC (1629692416)
[    0.837128] BIOS EDD facility v0.16 2004-Jun-25, 0 devices found
[    0.838128] EDD information not available.
[    0.972075] Freeing unused kernel memory: 1492K
[    0.972913] Write protecting the kernel read-only data: 14336k
[    0.974828] Freeing unused kernel memory: 1584K
[    0.975747] Freeing unused kernel memory: 52K
Loading, please wait...
starting version 229
[    0.985331] random: systemd-udevd: uninitialized urandom read (16 bytes read, 3 bits of entropy available)
[    0.986211] random: udevadm: uninitialized urandom read (16 bytes read, 3 bits of entropy available)
[    0.986225] random: udevadm: uninitialized urandom read (16 bytes read, 3 bits of entropy available)
[    0.990877] random: systemd-udevd: uninitialized urandom read (16 bytes read, 3 bits of entropy available)
[    0.991940] random: udevadm: uninitialized urandom read (16 bytes read, 3 bits of entropy available)
[    0.991986] random: udevadm: uninitialized urandom read (16 bytes read, 3 bits of entropy available)
[    0.992078] random: udevadm: uninitialized urandom read (16 bytes read, 3 bits of entropy available)
[    0.992111] random: udevadm: uninitialized urandom read (16 bytes read, 3 bits of entropy available)
[    0.992142] random: udevadm: uninitialized urandom read (16 bytes read, 3 bits of entropy available)
[    0.992193] random: udevadm: uninitialized urandom read (16 bytes read, 3 bits of entropy available)
[    1.021122] e1000: Intel(R) PRO/1000 Network Driver - version 7.3.21-k8-NAPI
[    1.022297] e1000: Copyright (c) 1999-2006 Intel Corporation.
[    1.029840] Fusion MPT base driver 3.04.20
[    1.030825] Copyright (c) 1999-2008 LSI Corporation
[    1.034608] Fusion MPT SPI Host driver 3.04.20
[    1.043594] AVX2 version of gcm_enc/dec engaged.
[    1.044445] AES CTR mode by8 optimization enabled
[    1.249414] input: ImExPS/2 Generic Explorer Mouse as /devices/platform/i8042/serio1/input/input4
[    1.416770] e1000 0000:00:03.0 eth0: (PCI:33MHz:32-bit) 02:a0:46:b5:71:eb
[    1.418027] e1000 0000:00:03.0 eth0: Intel(R) PRO/1000 Network Connection
[    1.420024] mptbase: ioc0: Initiating bringup
[    3.285042] ioc0: LSI53C1030 A0: Capabilities={Initiator}
[    5.278374] scsi host2: ioc0: LSI53C1030 A0, FwRev=00000000h, Ports=1, MaxQ=256, IRQ=20
[    7.284930] scsi 2:0:0:0: Direct-Access     VBOX     HARDDISK         1.0  PQ: 0 ANSI: 5
[    7.287676] scsi target2:0:0: Beginning Domain Validation
[    7.291915] scsi target2:0:0: Domain Validation skipping write tests
[    7.293362] scsi target2:0:0: Ending Domain Validation
[    7.294502] scsi target2:0:0: asynchronous
[    7.295780] scsi 2:0:1:0: Direct-Access     VBOX     HARDDISK         1.0  PQ: 0 ANSI: 5
[    7.297346] scsi target2:0:1: Beginning Domain Validation
[    7.298590] scsi target2:0:1: Domain Validation skipping write tests
[    7.299564] scsi target2:0:1: Ending Domain Validation
[    7.300498] scsi target2:0:1: asynchronous
[    7.304484] sd 2:0:0:0: [sda] 83886080 512-byte logical blocks: (42.9 GB/40.0 GiB)
[    7.304606] sd 2:0:0:0: Attached scsi generic sg0 type 0
[    7.312856] sd 2:0:1:0: Attached scsi generic sg1 type 0
[    7.313002] sd 2:0:1:0: [sdb] 20480 512-byte logical blocks: (10.5 MB/10.0 MiB)
[    7.313204] sd 2:0:1:0: [sdb] Write Protect is off
[    7.313283] sd 2:0:1:0: [sdb] Incomplete mode parameter data
[    7.313284] sd 2:0:1:0: [sdb] Assuming drive cache: write through
[    7.314366] sd 2:0:1:0: [sdb] Attached SCSI disk
[    7.320387] sd 2:0:0:0: [sda] Write Protect is off
[    7.321529] sd 2:0:0:0: [sda] Incomplete mode parameter data
[    7.322528] sd 2:0:0:0: [sda] Assuming drive cache: write through
[    7.325648]  sda: sda1
[    7.329737] sd 2:0:0:0: [sda] Attached SCSI disk
[    7.745738] e1000 0000:00:08.0 eth1: (PCI:33MHz:32-bit) 08:00:27:f8:5e:e2
[    7.746952] e1000 0000:00:08.0 eth1: Intel(R) PRO/1000 Network Connection
[    7.748899] e1000 0000:00:03.0 enp0s3: renamed from eth0
[    7.760410] e1000 0000:00:08.0 enp0s8: renamed from eth1
Begin: Loading essential drivers ... [    8.986794] md: linear personality registered for level -1
[    8.990427] md: multipath personality registered for level -4
[    8.992754] md: raid0 personality registered for level 0
[    8.996338] md: raid1 personality registered for level 1
[    9.067671] raid6: sse2x1   gen() 12598 MB/s
[    9.135657] raid6: sse2x1   xor()  8242 MB/s
[    9.203569] raid6: sse2x2   gen() 17494 MB/s
[    9.271680] raid6: sse2x2   xor() 12028 MB/s
[    9.339689] raid6: sse2x4   gen() 19020 MB/s
[    9.407768] raid6: sse2x4   xor() 11377 MB/s
[    9.475667] raid6: avx2x1   gen() 24958 MB/s
[    9.543674] raid6: avx2x2   gen() 31712 MB/s
[    9.611629] raid6: avx2x4   gen() 33408 MB/s
[    9.612420] raid6: using algorithm avx2x4 gen() 33408 MB/s
[    9.613354] raid6: using avx2x2 recovery algorithm
[    9.615351] xor: automatically using best checksumming function:
[    9.655581]    avx       : 31059.000 MB/sec
[    9.657646] async_tx: api initialized (async)
[    9.665431] md: raid6 personality registered for level 6
[    9.666342] md: raid5 personality registered for level 5
[    9.667209] md: raid4 personality registered for level 4
[    9.672652] md: raid10 personality registered for level 10
done.
Begin: Running /scripts/init-premount ... done.
Begin: Mounting root file system ... Begin: Running /scripts/local-top ... done.
Begin: Running /scripts/local-premount ... [    9.693264] Btrfs loaded
Scanning for Btrfs filesystems
done.
Warning: fsck not present, so skipping root file system
[    9.717686] EXT4-fs (sda1): mounted filesystem with ordered data mode. Opts: (null)
done.
Begin: Running /scripts/local-bottom ... done.
Begin: Running /scripts/init-bottom ... done.
[    9.777580] systemd[1]: systemd 229 running in system mode. (+PAM +AUDIT +SELINUX +IMA +APPARMOR +SMACK +SYSVINIT +UTMP +LIBCRYPTSETUP +GCRYPT +GNUTLS +ACL +XZ -LZ4 +SECCOMP +BLKID +ELFUTILS +KMOD -IDN)
[    9.780470] systemd[1]: Detected virtualization oracle.
[    9.781342] systemd[1]: Detected architecture x86-64.

Welcome to [1mUbuntu 16.04.7 LTS[0m!

[    9.784357] systemd[1]: Set hostname to <adminserver>.
[    9.873384] systemd[1]: Set up automount Arbitrary Executable File Formats File System Automount Point.
[[0;32m  OK  [0m] Set up automount Arbitrary Executab...ats File System Automount Point.
[    9.876388] systemd[1]: Listening on Journal Socket.
[[0;32m  OK  [0m] Listening on Journal Socket.
[    9.878100] systemd[1]: Created slice User and Session Slice.
[[0;32m  OK  [0m] Created slice User and Session Slice.
[    9.879832] systemd[1]: Listening on Syslog Socket.
[[0;32m  OK  [0m] Listening on Syslog Socket.
[    9.881348] systemd[1]: Listening on Journal Socket (/dev/log).
[[0;32m  OK  [0m] Listening on Journal Socket (/dev/log).
[    9.883110] systemd[1]: Listening on LVM2 metadata daemon socket.
[[0;32m  OK  [0m] Listening on LVM2 metadata daemon socket.
[    9.885028] systemd[1]: Listening on LVM2 poll daemon socket.
[[0;32m  OK  [0m] Listening on LVM2 poll daemon socket.
[    9.887003] systemd[1]: Listening on udev Control Socket.
[[0;32m  OK  [0m] Listening on udev Control Socket.
[    9.888639] systemd[1]: Listening on fsck to fsckd communication Socket.
[[0;32m  OK  [0m] Listening on fsck to fsckd communication Socket.
[    9.890620] systemd[1]: Reached target User and Group Name Lookups.
[[0;32m  OK  [0m] Reached target User and Group Name Lookups.
[    9.892508] systemd[1]: Listening on /dev/initctl Compatibility Named Pipe.
[[0;32m  OK  [0m] Listening on /dev/initctl Compatibility Named Pipe.
[    9.894507] systemd[1]: Listening on Device-mapper event daemon FIFOs.
[[0;32m  OK  [0m] Listening on Device-mapper event daemon FIFOs.
[    9.896564] systemd[1]: Created slice System Slice.
[[0;32m  OK  [0m] Created slice System Slice.
[    9.912303] systemd[1]: Starting Load Kernel Modules...
         Starting Load Kernel Modules...
[    9.915710] systemd[1]: Mounting Debug File System...
         Mounting Debug File System...
[    9.917976] systemd[1]: Starting Monitoring of LVM2 mirrors, snapshots etc. using dmeventd or progress polling...
         Starting Monitoring of LVM2 mirrors... dmeventd or progress polling...
[    9.926421] systemd[1]: Mounting Huge Pages File System...
         Mounting Huge Pages File System...
[    9.928742] systemd[1]: Starting Nameserver information manager...
[    9.929460] Loading iSCSI transport class v2.0-870.
         Starting Nameserver information manager...
[    9.931998] systemd[1]: Starting Uncomplicated firewall...
         Starting Uncomplicated firewall...
[    9.935234] systemd[1]: Starting Create list of required static device nodes for the current kernel...
         Starting Create list of required st... nodes for the current kernel...
[    9.943732] systemd[1]: Created slice system-serial\x2dgetty.slice.
[[0;32m  OK  [0m] Created slice system-serial\x2dgetty.slice.
[    9.946514] systemd[1]: Starting Set console keymap...
[    9.947484] iscsi: registered transport (tcp)
         Starting Set console keymap...
[    9.949666] systemd[1]: Mounting POSIX Message Queue File System...
         Mounting POSIX Message Queue File System...
[    9.952990] systemd[1]: Starting File System Check on Root Device...
         Starting File System Check on Root Device...
[    9.959799] systemd[1]: Listening on Journal Audit Socket.
[[0;32m  OK  [0m] Listening on Journal Audit Socket.
[    9.962250] systemd[1]: Starting Journal Service...
         Starting Journal Service...
[    9.971151] systemd[1]: Listening on udev Kernel Socket.
[[0;32m  OK  [0m] Listening on udev Kernel Socket.
[    9.973104] systemd[1]: Started Forward Password Requests to Wall Directory Watch.
[[0;32m  OK  [0m] Started Forward Password Requests to Wall Directory Watch.
[    9.975920] systemd[1]: Reached target Swap.
[[0;32m  OK  [0m] Reached target Swap.
[    9.977467] systemd[1]: Reached target Encrypted Volumes.
[[0;32m  OK  [0m] Reached target Encrypted Volumes.
[    9.979228] systemd[1]: Started Trigger resolvconf update for networkd DNS.
[[0;32m  OK  [0m] Started Trigger resolvconf update for networkd DNS.
[    9.981325] systemd[1]: Reached target System Time Synchronized.
[[0;32m  OK  [0m] Reached target System Time Synchronized.
[    9.983242] systemd[1]: Reached target Slices.
[[0;32m  OK  [0m] Reached target Slices.
[    9.994982] iscsi: registered transport (iser)
[    9.996457] systemd[1]: Mounted POSIX Message Queue File System.
[[0;32m  OK  [0m] Mounted POSIX Message Queue File System.
[    9.998362] systemd[1]: Mounted Huge Pages File System.
[[0;32m  OK  [0m] Mounted Huge Pages File System.
[   10.000227] systemd[1]: Mounted Debug File System.
[[0;32m  OK  [0m] Mounted Debug File System.
[   10.001946] systemd[1]: Started Journal Service.
[[0;32m  OK  [0m] Started Journal Service.
[[0;32m  OK  [0m] Started Load Kernel Modules.
[[0;32m  OK  [0m] Started Uncomplicated firewall.
[[0;32m  OK  [0m] Started Create list of required sta...ce nodes for the current kernel.
[[0;32m  OK  [0m] Started Set console keymap.
[[0;32m  OK  [0m] Started File System Check on Root Device.
[[0;32m  OK  [0m] Started Nameserver information manager.
[[0;32m  OK  [0m] Started File System Check Daemon to report status.
[[0;32m  OK  [0m] Started LVM2 metadata daemon.
         Starting Remount Root and Kernel File Systems...
         Starting Create Static Device Nodes in /dev...
[   10.037202] EXT4-fs (sda1): re-mounted. Opts: (null)
         Starting Apply Kernel Variables...
         Mounting FUSE Control File System...
[[0;32m  OK  [0m] Mounted FUSE Control File System.
[[0;32m  OK  [0m] Started Remount Root and Kernel File Systems.
         Starting Flush Journal to Persistent Storage...
         Starting Load/Save Random Seed...
         Starting udev Coldplug all Devices...
[[0;32m  OK  [0m] Started Apply Kernel Variables.
[[0;32m  OK  [0m] Started Create Static Device Nodes in /dev.
[[0;32m  OK  [0m] Started Load/Save Random Seed.
         Starting udev Kernel Device Manager...
[[0;32m  OK  [0m] Started Flush Journal to Persistent Storage.
[[0;32m  OK  [0m] Started udev Kernel Device Manager.
[[0;32m  OK  [0m] Started udev Coldplug all Devices.
[[0;32m  OK  [0m] Started Dispatch Password Requests to Console Directory Watch.
[[0;32m  OK  [0m] Started Monitoring of LVM2 mirrors,...ng dmeventd or progress polling.
[[0;32m  OK  [0m] Found device /dev/ttyS0.
[[0;32m  OK  [0m] Reached target Local File Systems (Pre).
[[0;32m  OK  [0m] Reached target Local File Systems.
         Starting Tell Plymouth To Write Out Runtime Data...
         Starting LSB: AppArmor initialization...
         Starting Create Volatile Files and Directories...
         Starting Initial cloud-init job (pre-networking)...
         Starting Set console font and keymap...
[[0;32m  OK  [0m] Started Tell Plymouth To Write Out Runtime Data.
[[0;32m  OK  [0m] Started Create Volatile Files and Directories.
         Starting Update UTMP about System Boot/Shutdown...
[[0;32m  OK  [0m] Started Update UTMP about System Boot/Shutdown.
[[0;32m  OK  [0m] Listening on Load/Save RF Kill Switch Status /dev/rfkill Watch.
[[0;32m  OK  [0m] Started LSB: AppArmor initialization.
         Starting Load AppArmor profiles managed internally by snapd...
[[0;32m  OK  [0m] Started Load AppArmor profiles managed internally by snapd.
[[0;32m  OK  [0m] Found device 82540EM Gigabit Ethern...r (PRO/1000 MT Desktop Adapter).
[   10.733506] cloud-init[518]: Cloud-init v. 21.1-19-gbad84ad4-0ubuntu1~16.04.2 running 'init-local' at Mon, 23 Aug 2021 04:20:26 +0000. Up 10.55 seconds.
[[0;32m  OK  [0m] Found device 82540EM Gigabit Ethern...r (PRO/1000 MT Desktop Adapter).
[[0;32m  OK  [0m] Started Initial cloud-init job (pre-networking).
[[0;32m  OK  [0m] Reached target Network (Pre).
[[0;32m  OK  [0m] Started ifup for enp0s3.
         Starting Raise network interfaces...
[[0;32m  OK  [0m] Started ifup for enp0s8.
[[0;32m  OK  [0m] Started Set console font and keymap.
[[0;32m  OK  [0m] Created slice system-getty.slice.
[[0;32m  OK  [0m] Started Raise network interfaces.
[[0;32m  OK  [0m] Reached target Network.
         Starting Initial cloud-init job (metadata service crawler)...
[   11.332624] cloud-init[1081]: Cloud-init v. 21.1-19-gbad84ad4-0ubuntu1~16.04.2 running 'init' at Mon, 23 Aug 2021 04:20:27 +0000. Up 11.19 seconds.
[   11.334393] cloud-init[1081]: ci-info: ++++++++++++++++++++++++++++++++++++++Net device info+++++++++++++++++++++++++++++++++++++++
[   11.336812] cloud-init[1081]: ci-info: +--------+------+-----------------------------+---------------+--------+-------------------+
[   11.338719] cloud-init[1081]: ci-info: | Device |  Up  |           Address           |      Mask     | Scope  |     Hw-Address    |
[   11.340426] cloud-init[1081]: ci-info: +--------+------+-----------------------------+---------------+--------+-------------------+
[   11.342032] cloud-init[1081]: ci-info: | enp0s3 | True |          10.0.2.15          | 255.255.255.0 | global | 02:a0:46:b5:71:eb |
[   11.343576] cloud-init[1081]: ci-info: | enp0s3 | True |  fe80::a0:46ff:feb5:71eb/64 |       .       |  link  | 02:a0:46:b5:71:eb |
[   11.345119] cloud-init[1081]: ci-info: | enp0s8 | True |         192.168.2.13        | 255.255.255.0 | global | 08:00:27:f8:5e:e2 |
[   11.346667] cloud-init[1081]: ci-info: | enp0s8 | True | fe80::a00:27ff:fef8:5ee2/64 |       .       |  link  | 08:00:27:f8:5e:e2 |
[   11.348230] cloud-init[1081]: ci-info: |   lo   | True |          127.0.0.1          |   255.0.0.0   |  host  |         .         |
[   11.349847] cloud-init[1081]: ci-info: |   lo   | True |           ::1/128           |       .       |  host  |         .         |
[   11.351449] cloud-init[1081]: ci-info: +--------+------+-----------------------------+---------------+--------+-------------------+
[   11.353019] cloud-init[1081]: ci-info: +++++++++++++++++++++++++++Route IPv4 info++++++++++++++++++++++++++++
[   11.354376] cloud-init[1081]: ci-info: +-------+-------------+----------+---------------+-----------+-------+
[   11.355720] cloud-init[1081]: ci-info: | Route | Destination | Gateway  |    Genmask    | Interface | Flags |
[   11.357076] cloud-init[1081]: ci-info: +-------+-------------+----------+---------------+-----------+-------+
[   11.358420] cloud-init[1081]: ci-info: |   0   |   0.0.0.0   | 10.0.2.2 |    0.0.0.0    |   enp0s3  |   UG  |
[   11.359761] cloud-init[1081]: ci-info: |   1   |   10.0.2.0  | 0.0.0.0  | 255.255.255.0 |   enp0s3  |   U   |
[   11.361113] cloud-init[1081]: ci-info: |   2   | 192.168.2.0 | 0.0.0.0  | 255.255.255.0 |   enp0s8  |   U   |
[   11.362457] cloud-init[1081]: ci-info: +-------+-------------+----------+---------------+-----------+-------+
[   11.363801] cloud-init[1081]: ci-info: +++++++++++++++++++Route IPv6 info+++++++++++++++++++
[   11.365026] cloud-init[1081]: ci-info: +-------+-------------+---------+-----------+-------+
[   11.366230] cloud-init[1081]: ci-info: | Route | Destination | Gateway | Interface | Flags |
[   11.367554] cloud-init[1081]: ci-info: +-------+-------------+---------+-----------+-------+
[   11.368941] cloud-init[1081]: ci-info: |   0   |  fe80::/64  |    ::   |   enp0s3  |   U   |
[   11.370259] cloud-init[1081]: ci-info: |   1   |  fe80::/64  |    ::   |   enp0s8  |   U   |
[   11.371458] cloud-init[1081]: ci-info: |   4   |   ff00::/8  |    ::   |   enp0s3  |   U   |
[   11.372688] cloud-init[1081]: ci-info: |   5   |   ff00::/8  |    ::   |   enp0s8  |   U   |
[   11.373905] cloud-init[1081]: ci-info: +-------+-------------+---------+-----------+-------+
[[0;32m  OK  [0m] Started Initial cloud-init job (metadata service crawler).
[[0;32m  OK  [0m] Reached target System Initialization.
         Starting Socket activation for snappy daemon.
[[0;32m  OK  [0m] Listening on ACPID Listen Socket.
[[0;32m  OK  [0m] Listening on D-Bus System Message Bus Socket.
[[0;32m  OK  [0m] Started ACPI Events Check.
[[0;32m  OK  [0m] Reached target Paths.
[[0;32m  OK  [0m] Listening on UUID daemon activation socket.
[[0;32m  OK  [0m] Started Daily apt download activities.
[[0;32m  OK  [0m] Started Daily apt upgrade and clean activities.
[[0;32m  OK  [0m] Started Daily Cleanup of Temporary Directories.
         Starting LXD - unix socket.
[[0;32m  OK  [0m] Started Ubuntu Advantage update messaging.
[[0;32m  OK  [0m] Started Message of the Day.
[[0;32m  OK  [0m] Reached target Timers.
[[0;32m  OK  [0m] Reached target Network is Online.
         Starting iSCSI initiator daemon (iscsid)...
[[0;32m  OK  [0m] Reached target Cloud-config availability.
[[0;32m  OK  [0m] Listening on Socket activation for snappy daemon.
[[0;32m  OK  [0m] Listening on LXD - unix socket.
[[0;32m  OK  [0m] Reached target Sockets.
[[0;32m  OK  [0m] Reached target Basic System.
[[0;32m  OK  [0m] Started Regular background program processing daemon.
         Starting LSB: MD monitoring daemon...
[[0;32m  OK  [0m] Started D-Bus System Message Bus.
         Starting System Logging Service...
[[0;32m  OK  [0m] Started Deferred execution scheduler.
         Starting Snap Daemon...
         Starting LXD - container startup/shutdown...
[[0;32m  OK  [0m] Started FUSE filesystem for LXC.
         Starting Virtualbox guest utils...
[[0;32m  OK  [0m] Started ACPI event daemon.
         Starting LSB: Record successful boot for GRUB...
         Starting /etc/rc.local Compatibility...
         Starting Accounts Service...
         Starting Login Service...
         Starting OpenBSD Secure Shell server...
[[0;32m  OK  [0m] Started System Logging Service.
[[0;32m  OK  [0m] Started iSCSI initiator daemon (iscsid).
[[0;32m  OK  [0m] Started /etc/rc.local Compatibility.
         Starting Login to default iSCSI targets...
[[0;32m  OK  [0m] Started Login Service.
[[0;32m  OK  [0m] Started Unattended Upgrades Shutdown.
[[0;32m  OK  [0m] Started Login to default iSCSI targets.
[[0;32m  OK  [0m] Reached target Remote File Systems (Pre).
         Mounting /vagrant...
[[0;32m  OK  [0m] Started LSB: MD monitoring daemon.
[[0;1;31mFAILED[0m] Failed to mount /vagrant.
See 'systemctl status vagrant.mount' for details.
[[0;1;33mDEPEND[0m] Dependency failed for Remote File Systems.
         Starting LSB: automatic crash report generation...
         Starting LSB: daemon to balance interrupts for SMP systems...
         Starting LSB: Set the CPU Frequency Scaling governor to "ondemand"...
         Starting Permit User Sessions...
[[0;32m  OK  [0m] Started Permit User Sessions.
         Starting Terminate Plymouth Boot Screen...
         Starting Hold until boot process finishes up...
[[0;32m  OK  [0m] Started Hold until boot process finishes up.
         Starting Set console scheme...
[[0;32m  OK  [0m] Started Getty on tty1.
[[0;32m  OK  [0m] Started Serial Getty on ttyS0.
[[0;32m  OK  [0m] Reached target Login Prompts.
[[0;32m  OK  [0m] Started Terminate Plymouth Boot Screen.
[[0;32m  OK  [0m] Started Set console scheme.
[[0;32m  OK  [0m] Started OpenBSD Secure Shell server.
[[0;32m  OK  [0m] Started LSB: Set the CPU Frequency Scaling governor to "ondemand".
[[0;32m  OK  [0m] Started LSB: daemon to balance interrupts for SMP systems.
[[0;32m  OK  [0m] Started LSB: Record successful boot for GRUB.
         Starting Authenticate and Authorize Users to Run Privileged Tasks...
[[0;32m  OK  [0m] Started LSB: automatic crash report generation.
[[0;32m  OK  [0m] Started Virtualbox guest utils.
[[0;32m  OK  [0m] Started Authenticate and Authorize Users to Run Privileged Tasks.
[[0;32m  OK  [0m] Started Accounts Service.
[[0;32m  OK  [0m] Started LXD - container startup/shutdown.
[[0;32m  OK  [0m] Started Snap Daemon.
         Starting Wait until snapd is fully seeded...
[[0;32m  OK  [0m] Started Wait until snapd is fully seeded.
         Starting Apply the settings specified in cloud-config...
[[0;32m  OK  [0m] Reached target Multi-User System.
[[0;32m  OK  [0m] Reached target Graphical Interface.
         Starting Update UTMP about System Runlevel Changes...
[[0;32m  OK  [0m] Created slice User Slice of vagrant.
[[0;32m  OK  [0m] Started Update UTMP about System Runlevel Changes.
         Starting User Manager for UID 1000...
[[0;32m  OK  [0m] Started Session 1 of user vagrant.
[[0;32m  OK  [0m] Started User Manager for UID 1000.
[   12.234250] cloud-init[1337]: Cloud-init v. 21.1-19-gbad84ad4-0ubuntu1~16.04.2 running 'modules:config' at Mon, 23 Aug 2021 04:20:27 +0000. Up 12.16 seconds.
[[0;32m  OK  [0m] Started Apply the settings specified in cloud-config.
         Starting Execute cloud user/final scripts...
[   12.540535] cloud-init[1419]: Cloud-init v. 21.1-19-gbad84ad4-0ubuntu1~16.04.2 running 'modules:final' at Mon, 23 Aug 2021 04:20:28 +0000. Up 12.46 seconds.
[   12.542630] cloud-init[1419]: Cloud-init v. 21.1-19-gbad84ad4-0ubuntu1~16.04.2 finished at Mon, 23 Aug 2021 04:20:28 +0000. Datasource DataSourceNoCloud [seed=/dev/sdb][dsmode=net].  Up 12.53 seconds
[[0;32m  OK  [0m] Started Execute cloud user/final scripts.
[[0;32m  OK  [0m] Reached target Cloud-init target.

Ubuntu 16.04.7 LTS adminserver ttyS0

adminserver login:                                                                                                                                                                                                                                                                                                                                                                                                                                                                                                                                                                                                                                                                                                                                                                                                                                                                                                                                                          